[2015.04.02 22:28:17] (Coverage): Error during class instrumentation: com.sun.beans.finder.ClassFinder
java.lang.NullPointerException
	at com.intellij.rt.coverage.instrumentation.Instrumentator$MyClassWriter.typeInfo(Instrumentator.java:370)
	at com.intellij.rt.coverage.instrumentation.Instrumentator$MyClassWriter.getCommonSuperClass(Instrumentator.java:295)
	at org.jetbrains.org.objectweb.asm.ClassWriter.getMergedType(ClassWriter.java:1654)
	at org.jetbrains.org.objectweb.asm.Frame.merge(Frame.java:1426)
	at org.jetbrains.org.objectweb.asm.Frame.merge(Frame.java:1325)
	at org.jetbrains.org.objectweb.asm.MethodWriter.visitMaxs(MethodWriter.java:1475)
	at org.jetbrains.org.objectweb.asm.MethodVisitor.visitMaxs(MethodVisitor.java:866)
	at com.intellij.rt.coverage.instrumentation.SamplingInstrumenter$1.visitMaxs(SamplingInstrumenter.java:99)
	at org.jetbrains.org.objectweb.asm.ClassReader.readCode(ClassReader.java:1554)
	at org.jetbrains.org.objectweb.asm.ClassReader.readMethod(ClassReader.java:1017)
	at org.jetbrains.org.objectweb.asm.ClassReader.accept(ClassReader.java:693)
	at org.jetbrains.org.objectweb.asm.ClassReader.accept(ClassReader.java:506)
	at com.intellij.rt.coverage.instrumentation.Instrumentator.instrument(Instrumentator.java:193)
	at com.intellij.rt.coverage.instrumentation.Instrumentator.access$000(Instrumentator.java:41)
	at com.intellij.rt.coverage.instrumentation.Instrumentator$1.transform(Instrumentator.java:154)
	at sun.instrument.TransformerManager.transform(TransformerManager.java:188)
	at sun.instrument.InstrumentationImpl.transform(InstrumentationImpl.java:428)
	at com.sun.beans.finder.InstanceFinder.instantiate(InstanceFinder.java:93)
	at com.sun.beans.finder.InstanceFinder.find(InstanceFinder.java:66)
	at java.beans.Introspector.findExplicitBeanInfo(Introspector.java:448)
	at java.beans.Introspector.<init>(Introspector.java:398)
	at java.beans.Introspector.getBeanInfo(Introspector.java:173)
	at org.assertj.core.util.introspection.Introspection.getProperty(Introspection.java:51)
	at org.assertj.core.internal.PropertySupport.propertyValue(PropertySupport.java:153)
	at org.assertj.core.internal.PropertySupport.propertyValueOf(PropertySupport.java:188)
	at org.assertj.core.extractor.ByNameSingleExtractor.extract(ByNameSingleExtractor.java:28)
	at org.assertj.core.groups.FieldsOrPropertiesExtractor.extract(FieldsOrPropertiesExtractor.java:57)
	at org.assertj.core.api.AbstractIterableAssert.extracting(AbstractIterableAssert.java:521)
	at com.bigcustard.scene2dplus.image.ImageAreaModelTest.fromFolder(ImageAreaModelTest.java:132)
	at sun.reflect.NativeMethodAccessorImpl.invoke0(Native Method)
	at sun.reflect.NativeMethodAccessorImpl.invoke(NativeMethodAccessorImpl.java:62)
	at sun.reflect.DelegatingMethodAccessorImpl.invoke(DelegatingMethodAccessorImpl.java:43)
	at java.lang.reflect.Method.invoke(Method.java:497)
	at org.junit.runners.model.FrameworkMethod$1.runReflectiveCall(FrameworkMethod.java:50)
	at org.junit.internal.runners.model.ReflectiveCallable.run(ReflectiveCallable.java:12)
	at org.junit.runners.model.FrameworkMethod.invokeExplosively(FrameworkMethod.java:47)
	at org.junit.internal.runners.statements.InvokeMethod.evaluate(InvokeMethod.java:17)
	at org.junit.internal.runners.statements.RunBefores.evaluate(RunBefores.java:26)
	at org.junit.runners.ParentRunner.runLeaf(ParentRunner.java:325)
	at org.junit.runners.BlockJUnit4ClassRunner.runChild(BlockJUnit4ClassRunner.java:78)
	at org.junit.runners.BlockJUnit4ClassRunner.runChild(BlockJUnit4ClassRunner.java:57)
	at org.junit.runners.ParentRunner$3.run(ParentRunner.java:290)
	at org.junit.runners.ParentRunner$1.schedule(ParentRunner.java:71)
	at org.junit.runners.ParentRunner.runChildren(ParentRunner.java:288)
	at org.junit.runners.ParentRunner.access$000(ParentRunner.java:58)
	at org.junit.runners.ParentRunner$2.evaluate(ParentRunner.java:268)
	at org.junit.runners.ParentRunner.run(ParentRunner.java:363)
	at org.junit.runners.Suite.runChild(Suite.java:128)
	at org.junit.runners.Suite.runChild(Suite.java:27)
	at org.junit.runners.ParentRunner$3.run(ParentRunner.java:290)
	at org.junit.runners.ParentRunner$1.schedule(ParentRunner.java:71)
	at org.junit.runners.ParentRunner.runChildren(ParentRunner.java:288)
	at org.junit.runners.ParentRunner.access$000(ParentRunner.java:58)
	at org.junit.runners.ParentRunner$2.evaluate(ParentRunner.java:268)
	at org.junit.runners.ParentRunner.run(ParentRunner.java:363)
	at org.junit.runner.JUnitCore.run(JUnitCore.java:137)
	at com.intellij.junit4.JUnit4IdeaTestRunner.startRunnerWithArgs(JUnit4IdeaTestRunner.java:78)
	at com.intellij.rt.execution.junit.JUnitStarter.prepareStreamsAndStart(JUnitStarter.java:212)
	at com.intellij.rt.execution.junit.JUnitStarter.main(JUnitStarter.java:68)
	at sun.reflect.NativeMethodAccessorImpl.invoke0(Native Method)
	at sun.reflect.NativeMethodAccessorImpl.invoke(NativeMethodAccessorImpl.java:62)
	at sun.reflect.DelegatingMethodAccessorImpl.invoke(DelegatingMethodAccessorImpl.java:43)
	at java.lang.reflect.Method.invoke(Method.java:497)
	at com.intellij.rt.execution.application.AppMain.main(AppMain.java:140)
[2015.04.02 22:28:17] (Coverage): Error during class instrumentation: com.sun.beans.util.Cache$Kind$2
java.lang.NullPointerException
	at com.intellij.rt.coverage.instrumentation.Instrumentator$MyClassWriter.typeInfo(Instrumentator.java:370)
	at com.intellij.rt.coverage.instrumentation.Instrumentator$MyClassWriter.getCommonSuperClass(Instrumentator.java:295)
	at org.jetbrains.org.objectweb.asm.ClassWriter.getMergedType(ClassWriter.java:1654)
	at org.jetbrains.org.objectweb.asm.Frame.merge(Frame.java:1426)
	at org.jetbrains.org.objectweb.asm.Frame.merge(Frame.java:1374)
	at org.jetbrains.org.objectweb.asm.MethodWriter.visitMaxs(MethodWriter.java:1475)
	at org.jetbrains.org.objectweb.asm.MethodVisitor.visitMaxs(MethodVisitor.java:866)
	at com.intellij.rt.coverage.instrumentation.SamplingInstrumenter$1.visitMaxs(SamplingInstrumenter.java:99)
	at org.jetbrains.org.objectweb.asm.ClassReader.readCode(ClassReader.java:1554)
	at org.jetbrains.org.objectweb.asm.ClassReader.readMethod(ClassReader.java:1017)
	at org.jetbrains.org.objectweb.asm.ClassReader.accept(ClassReader.java:693)
	at org.jetbrains.org.objectweb.asm.ClassReader.accept(ClassReader.java:506)
	at com.intellij.rt.coverage.instrumentation.Instrumentator.instrument(Instrumentator.java:193)
	at com.intellij.rt.coverage.instrumentation.Instrumentator.access$000(Instrumentator.java:41)
	at com.intellij.rt.coverage.instrumentation.Instrumentator$1.transform(Instrumentator.java:154)
	at sun.instrument.TransformerManager.transform(TransformerManager.java:188)
	at sun.instrument.InstrumentationImpl.transform(InstrumentationImpl.java:428)
	at com.sun.beans.util.Cache$Kind.<clinit>(Cache.java:411)
	at com.sun.beans.finder.MethodFinder.<clinit>(MethodFinder.java:49)
	at java.beans.Introspector.getPublicDeclaredMethods(Introspector.java:1344)
	at java.beans.Introspector.getTargetMethodInfo(Introspector.java:1197)
	at java.beans.Introspector.getBeanInfo(Introspector.java:426)
	at java.beans.Introspector.getBeanInfo(Introspector.java:173)
	at java.beans.Introspector.getBeanInfo(Introspector.java:260)
	at java.beans.Introspector.<init>(Introspector.java:407)
	at java.beans.Introspector.getBeanInfo(Introspector.java:173)
	at org.assertj.core.util.introspection.Introspection.getProperty(Introspection.java:51)
	at org.assertj.core.internal.PropertySupport.propertyValue(PropertySupport.java:153)
	at org.assertj.core.internal.PropertySupport.propertyValueOf(PropertySupport.java:188)
	at org.assertj.core.extractor.ByNameSingleExtractor.extract(ByNameSingleExtractor.java:28)
	at org.assertj.core.groups.FieldsOrPropertiesExtractor.extract(FieldsOrPropertiesExtractor.java:57)
	at org.assertj.core.api.AbstractIterableAssert.extracting(AbstractIterableAssert.java:521)
	at com.bigcustard.scene2dplus.image.ImageAreaModelTest.fromFolder(ImageAreaModelTest.java:132)
	at sun.reflect.NativeMethodAccessorImpl.invoke0(Native Method)
	at sun.reflect.NativeMethodAccessorImpl.invoke(NativeMethodAccessorImpl.java:62)
	at sun.reflect.DelegatingMethodAccessorImpl.invoke(DelegatingMethodAccessorImpl.java:43)
	at java.lang.reflect.Method.invoke(Method.java:497)
	at org.junit.runners.model.FrameworkMethod$1.runReflectiveCall(FrameworkMethod.java:50)
	at org.junit.internal.runners.model.ReflectiveCallable.run(ReflectiveCallable.java:12)
	at org.junit.runners.model.FrameworkMethod.invokeExplosively(FrameworkMethod.java:47)
	at org.junit.internal.runners.statements.InvokeMethod.evaluate(InvokeMethod.java:17)
	at org.junit.internal.runners.statements.RunBefores.evaluate(RunBefores.java:26)
	at org.junit.runners.ParentRunner.runLeaf(ParentRunner.java:325)
	at org.junit.runners.BlockJUnit4ClassRunner.runChild(BlockJUnit4ClassRunner.java:78)
	at org.junit.runners.BlockJUnit4ClassRunner.runChild(BlockJUnit4ClassRunner.java:57)
	at org.junit.runners.ParentRunner$3.run(ParentRunner.java:290)
	at org.junit.runners.ParentRunner$1.schedule(ParentRunner.java:71)
	at org.junit.runners.ParentRunner.runChildren(ParentRunner.java:288)
	at org.junit.runners.ParentRunner.access$000(ParentRunner.java:58)
	at org.junit.runners.ParentRunner$2.evaluate(ParentRunner.java:268)
	at org.junit.runners.ParentRunner.run(ParentRunner.java:363)
	at org.junit.runners.Suite.runChild(Suite.java:128)
	at org.junit.runners.Suite.runChild(Suite.java:27)
	at org.junit.runners.ParentRunner$3.run(ParentRunner.java:290)
	at org.junit.runners.ParentRunner$1.schedule(ParentRunner.java:71)
	at org.junit.runners.ParentRunner.runChildren(ParentRunner.java:288)
	at org.junit.runners.ParentRunner.access$000(ParentRunner.java:58)
	at org.junit.runners.ParentRunner$2.evaluate(ParentRunner.java:268)
	at org.junit.runners.ParentRunner.run(ParentRunner.java:363)
	at org.junit.runner.JUnitCore.run(JUnitCore.java:137)
	at com.intellij.junit4.JUnit4IdeaTestRunner.startRunnerWithArgs(JUnit4IdeaTestRunner.java:78)
	at com.intellij.rt.execution.junit.JUnitStarter.prepareStreamsAndStart(JUnitStarter.java:212)
	at com.intellij.rt.execution.junit.JUnitStarter.main(JUnitStarter.java:68)
	at sun.reflect.NativeMethodAccessorImpl.invoke0(Native Method)
	at sun.reflect.NativeMethodAccessorImpl.invoke(NativeMethodAccessorImpl.java:62)
	at sun.reflect.DelegatingMethodAccessorImpl.invoke(DelegatingMethodAccessorImpl.java:43)
	at java.lang.reflect.Method.invoke(Method.java:497)
	at com.intellij.rt.execution.application.AppMain.main(AppMain.java:140)
[2015.04.02 22:28:17] (Coverage): Error during class instrumentation: com.sun.beans.util.Cache$Kind$3
java.lang.NullPointerException
	at com.intellij.rt.coverage.instrumentation.Instrumentator$MyClassWriter.typeInfo(Instrumentator.java:370)
	at com.intellij.rt.coverage.instrumentation.Instrumentator$MyClassWriter.getCommonSuperClass(Instrumentator.java:295)
	at org.jetbrains.org.objectweb.asm.ClassWriter.getMergedType(ClassWriter.java:1654)
	at org.jetbrains.org.objectweb.asm.Frame.merge(Frame.java:1426)
	at org.jetbrains.org.objectweb.asm.Frame.merge(Frame.java:1374)
	at org.jetbrains.org.objectweb.asm.MethodWriter.visitMaxs(MethodWriter.java:1475)
	at org.jetbrains.org.objectweb.asm.MethodVisitor.visitMaxs(MethodVisitor.java:866)
	at com.intellij.rt.coverage.instrumentation.SamplingInstrumenter$1.visitMaxs(SamplingInstrumenter.java:99)
	at org.jetbrains.org.objectweb.asm.ClassReader.readCode(ClassReader.java:1554)
	at org.jetbrains.org.objectweb.asm.ClassReader.readMethod(ClassReader.java:1017)
	at org.jetbrains.org.objectweb.asm.ClassReader.accept(ClassReader.java:693)
	at org.jetbrains.org.objectweb.asm.ClassReader.accept(ClassReader.java:506)
	at com.intellij.rt.coverage.instrumentation.Instrumentator.instrument(Instrumentator.java:193)
	at com.intellij.rt.coverage.instrumentation.Instrumentator.access$000(Instrumentator.java:41)
	at com.intellij.rt.coverage.instrumentation.Instrumentator$1.transform(Instrumentator.java:154)
	at sun.instrument.TransformerManager.transform(TransformerManager.java:188)
	at sun.instrument.InstrumentationImpl.transform(InstrumentationImpl.java:428)
	at com.sun.beans.util.Cache$Kind.<clinit>(Cache.java:418)
	at com.sun.beans.finder.MethodFinder.<clinit>(MethodFinder.java:49)
	at java.beans.Introspector.getPublicDeclaredMethods(Introspector.java:1344)
	at java.beans.Introspector.getTargetMethodInfo(Introspector.java:1197)
	at java.beans.Introspector.getBeanInfo(Introspector.java:426)
	at java.beans.Introspector.getBeanInfo(Introspector.java:173)
	at java.beans.Introspector.getBeanInfo(Introspector.java:260)
	at java.beans.Introspector.<init>(Introspector.java:407)
	at java.beans.Introspector.getBeanInfo(Introspector.java:173)
	at org.assertj.core.util.introspection.Introspection.getProperty(Introspection.java:51)
	at org.assertj.core.internal.PropertySupport.propertyValue(PropertySupport.java:153)
	at org.assertj.core.internal.PropertySupport.propertyValueOf(PropertySupport.java:188)
	at org.assertj.core.extractor.ByNameSingleExtractor.extract(ByNameSingleExtractor.java:28)
	at org.assertj.core.groups.FieldsOrPropertiesExtractor.extract(FieldsOrPropertiesExtractor.java:57)
	at org.assertj.core.api.AbstractIterableAssert.extracting(AbstractIterableAssert.java:521)
	at com.bigcustard.scene2dplus.image.ImageAreaModelTest.fromFolder(ImageAreaModelTest.java:132)
	at sun.reflect.NativeMethodAccessorImpl.invoke0(Native Method)
	at sun.reflect.NativeMethodAccessorImpl.invoke(NativeMethodAccessorImpl.java:62)
	at sun.reflect.DelegatingMethodAccessorImpl.invoke(DelegatingMethodAccessorImpl.java:43)
	at java.lang.reflect.Method.invoke(Method.java:497)
	at org.junit.runners.model.FrameworkMethod$1.runReflectiveCall(FrameworkMethod.java:50)
	at org.junit.internal.runners.model.ReflectiveCallable.run(ReflectiveCallable.java:12)
	at org.junit.runners.model.FrameworkMethod.invokeExplosively(FrameworkMethod.java:47)
	at org.junit.internal.runners.statements.InvokeMethod.evaluate(InvokeMethod.java:17)
	at org.junit.internal.runners.statements.RunBefores.evaluate(RunBefores.java:26)
	at org.junit.runners.ParentRunner.runLeaf(ParentRunner.java:325)
	at org.junit.runners.BlockJUnit4ClassRunner.runChild(BlockJUnit4ClassRunner.java:78)
	at org.junit.runners.BlockJUnit4ClassRunner.runChild(BlockJUnit4ClassRunner.java:57)
	at org.junit.runners.ParentRunner$3.run(ParentRunner.java:290)
	at org.junit.runners.ParentRunner$1.schedule(ParentRunner.java:71)
	at org.junit.runners.ParentRunner.runChildren(ParentRunner.java:288)
	at org.junit.runners.ParentRunner.access$000(ParentRunner.java:58)
	at org.junit.runners.ParentRunner$2.evaluate(ParentRunner.java:268)
	at org.junit.runners.ParentRunner.run(ParentRunner.java:363)
	at org.junit.runners.Suite.runChild(Suite.java:128)
	at org.junit.runners.Suite.runChild(Suite.java:27)
	at org.junit.runners.ParentRunner$3.run(ParentRunner.java:290)
	at org.junit.runners.ParentRunner$1.schedule(ParentRunner.java:71)
	at org.junit.runners.ParentRunner.runChildren(ParentRunner.java:288)
	at org.junit.runners.ParentRunner.access$000(ParentRunner.java:58)
	at org.junit.runners.ParentRunner$2.evaluate(ParentRunner.java:268)
	at org.junit.runners.ParentRunner.run(ParentRunner.java:363)
	at org.junit.runner.JUnitCore.run(JUnitCore.java:137)
	at com.intellij.junit4.JUnit4IdeaTestRunner.startRunnerWithArgs(JUnit4IdeaTestRunner.java:78)
	at com.intellij.rt.execution.junit.JUnitStarter.prepareStreamsAndStart(JUnitStarter.java:212)
	at com.intellij.rt.execution.junit.JUnitStarter.main(JUnitStarter.java:68)
	at sun.reflect.NativeMethodAccessorImpl.invoke0(Native Method)
	at sun.reflect.NativeMethodAccessorImpl.invoke(NativeMethodAccessorImpl.java:62)
	at sun.reflect.DelegatingMethodAccessorImpl.invoke(DelegatingMethodAccessorImpl.java:43)
	at java.lang.reflect.Method.invoke(Method.java:497)
	at com.intellij.rt.execution.application.AppMain.main(AppMain.java:140)
[2015.04.02 22:28:17] (Coverage): Error during class instrumentation: com.sun.beans.TypeResolver
java.lang.NullPointerException
	at com.intellij.rt.coverage.instrumentation.Instrumentator$MyClassWriter.typeInfo(Instrumentator.java:370)
	at com.intellij.rt.coverage.instrumentation.Instrumentator$MyClassWriter.getCommonSuperClass(Instrumentator.java:295)
	at org.jetbrains.org.objectweb.asm.ClassWriter.getMergedType(ClassWriter.java:1654)
	at org.jetbrains.org.objectweb.asm.Frame.merge(Frame.java:1426)
	at org.jetbrains.org.objectweb.asm.Frame.merge(Frame.java:1325)
	at org.jetbrains.org.objectweb.asm.MethodWriter.visitMaxs(MethodWriter.java:1475)
	at org.jetbrains.org.objectweb.asm.MethodVisitor.visitMaxs(MethodVisitor.java:866)
	at com.intellij.rt.coverage.instrumentation.SamplingInstrumenter$1.visitMaxs(SamplingInstrumenter.java:99)
	at org.jetbrains.org.objectweb.asm.ClassReader.readCode(ClassReader.java:1554)
	at org.jetbrains.org.objectweb.asm.ClassReader.readMethod(ClassReader.java:1017)
	at org.jetbrains.org.objectweb.asm.ClassReader.accept(ClassReader.java:693)
	at org.jetbrains.org.objectweb.asm.ClassReader.accept(ClassReader.java:506)
	at com.intellij.rt.coverage.instrumentation.Instrumentator.instrument(Instrumentator.java:193)
	at com.intellij.rt.coverage.instrumentation.Instrumentator.access$000(Instrumentator.java:41)
	at com.intellij.rt.coverage.instrumentation.Instrumentator$1.transform(Instrumentator.java:154)
	at sun.instrument.TransformerManager.transform(TransformerManager.java:188)
	at sun.instrument.InstrumentationImpl.transform(InstrumentationImpl.java:428)
	at java.beans.FeatureDescriptor.getParameterTypes(FeatureDescriptor.java:387)
	at java.beans.MethodDescriptor.setMethod(MethodDescriptor.java:116)
	at java.beans.MethodDescriptor.<init>(MethodDescriptor.java:72)
	at java.beans.MethodDescriptor.<init>(MethodDescriptor.java:56)
	at java.beans.Introspector.getTargetMethodInfo(Introspector.java:1205)
	at java.beans.Introspector.getBeanInfo(Introspector.java:426)
	at java.beans.Introspector.getBeanInfo(Introspector.java:173)
	at java.beans.Introspector.getBeanInfo(Introspector.java:260)
	at java.beans.Introspector.<init>(Introspector.java:407)
	at java.beans.Introspector.getBeanInfo(Introspector.java:173)
	at org.assertj.core.util.introspection.Introspection.getProperty(Introspection.java:51)
	at org.assertj.core.internal.PropertySupport.propertyValue(PropertySupport.java:153)
	at org.assertj.core.internal.PropertySupport.propertyValueOf(PropertySupport.java:188)
	at org.assertj.core.extractor.ByNameSingleExtractor.extract(ByNameSingleExtractor.java:28)
	at org.assertj.core.groups.FieldsOrPropertiesExtractor.extract(FieldsOrPropertiesExtractor.java:57)
	at org.assertj.core.api.AbstractIterableAssert.extracting(AbstractIterableAssert.java:521)
	at com.bigcustard.scene2dplus.image.ImageAreaModelTest.fromFolder(ImageAreaModelTest.java:132)
	at sun.reflect.NativeMethodAccessorImpl.invoke0(Native Method)
	at sun.reflect.NativeMethodAccessorImpl.invoke(NativeMethodAccessorImpl.java:62)
	at sun.reflect.DelegatingMethodAccessorImpl.invoke(DelegatingMethodAccessorImpl.java:43)
	at java.lang.reflect.Method.invoke(Method.java:497)
	at org.junit.runners.model.FrameworkMethod$1.runReflectiveCall(FrameworkMethod.java:50)
	at org.junit.internal.runners.model.ReflectiveCallable.run(ReflectiveCallable.java:12)
	at org.junit.runners.model.FrameworkMethod.invokeExplosively(FrameworkMethod.java:47)
	at org.junit.internal.runners.statements.InvokeMethod.evaluate(InvokeMethod.java:17)
	at org.junit.internal.runners.statements.RunBefores.evaluate(RunBefores.java:26)
	at org.junit.runners.ParentRunner.runLeaf(ParentRunner.java:325)
	at org.junit.runners.BlockJUnit4ClassRunner.runChild(BlockJUnit4ClassRunner.java:78)
	at org.junit.runners.BlockJUnit4ClassRunner.runChild(BlockJUnit4ClassRunner.java:57)
	at org.junit.runners.ParentRunner$3.run(ParentRunner.java:290)
	at org.junit.runners.ParentRunner$1.schedule(ParentRunner.java:71)
	at org.junit.runners.ParentRunner.runChildren(ParentRunner.java:288)
	at org.junit.runners.ParentRunner.access$000(ParentRunner.java:58)
	at org.junit.runners.ParentRunner$2.evaluate(ParentRunner.java:268)
	at org.junit.runners.ParentRunner.run(ParentRunner.java:363)
	at org.junit.runners.Suite.runChild(Suite.java:128)
	at org.junit.runners.Suite.runChild(Suite.java:27)
	at org.junit.runners.ParentRunner$3.run(ParentRunner.java:290)
	at org.junit.runners.ParentRunner$1.schedule(ParentRunner.java:71)
	at org.junit.runners.ParentRunner.runChildren(ParentRunner.java:288)
	at org.junit.runners.ParentRunner.access$000(ParentRunner.java:58)
	at org.junit.runners.ParentRunner$2.evaluate(ParentRunner.java:268)
	at org.junit.runners.ParentRunner.run(ParentRunner.java:363)
	at org.junit.runner.JUnitCore.run(JUnitCore.java:137)
	at com.intellij.junit4.JUnit4IdeaTestRunner.startRunnerWithArgs(JUnit4IdeaTestRunner.java:78)
	at com.intellij.rt.execution.junit.JUnitStarter.prepareStreamsAndStart(JUnitStarter.java:212)
	at com.intellij.rt.execution.junit.JUnitStarter.main(JUnitStarter.java:68)
	at sun.reflect.NativeMethodAccessorImpl.invoke0(Native Method)
	at sun.reflect.NativeMethodAccessorImpl.invoke(NativeMethodAccessorImpl.java:62)
	at sun.reflect.DelegatingMethodAccessorImpl.invoke(DelegatingMethodAccessorImpl.java:43)
	at java.lang.reflect.Method.invoke(Method.java:497)
	at com.intellij.rt.execution.application.AppMain.main(AppMain.java:140)
[2015.04.02 23:00:55] (Coverage): Error during class instrumentation: com.sun.beans.finder.ClassFinder
java.lang.NullPointerException
	at com.intellij.rt.coverage.instrumentation.Instrumentator$MyClassWriter.typeInfo(Instrumentator.java:370)
	at com.intellij.rt.coverage.instrumentation.Instrumentator$MyClassWriter.getCommonSuperClass(Instrumentator.java:295)
	at org.jetbrains.org.objectweb.asm.ClassWriter.getMergedType(ClassWriter.java:1654)
	at org.jetbrains.org.objectweb.asm.Frame.merge(Frame.java:1426)
	at org.jetbrains.org.objectweb.asm.Frame.merge(Frame.java:1325)
	at org.jetbrains.org.objectweb.asm.MethodWriter.visitMaxs(MethodWriter.java:1475)
	at org.jetbrains.org.objectweb.asm.MethodVisitor.visitMaxs(MethodVisitor.java:866)
	at com.intellij.rt.coverage.instrumentation.SamplingInstrumenter$1.visitMaxs(SamplingInstrumenter.java:99)
	at org.jetbrains.org.objectweb.asm.ClassReader.readCode(ClassReader.java:1554)
	at org.jetbrains.org.objectweb.asm.ClassReader.readMethod(ClassReader.java:1017)
	at org.jetbrains.org.objectweb.asm.ClassReader.accept(ClassReader.java:693)
	at org.jetbrains.org.objectweb.asm.ClassReader.accept(ClassReader.java:506)
	at com.intellij.rt.coverage.instrumentation.Instrumentator.instrument(Instrumentator.java:193)
	at com.intellij.rt.coverage.instrumentation.Instrumentator.access$000(Instrumentator.java:41)
	at com.intellij.rt.coverage.instrumentation.Instrumentator$1.transform(Instrumentator.java:154)
	at sun.instrument.TransformerManager.transform(TransformerManager.java:188)
	at sun.instrument.InstrumentationImpl.transform(InstrumentationImpl.java:428)
	at com.sun.beans.finder.InstanceFinder.instantiate(InstanceFinder.java:93)
	at com.sun.beans.finder.InstanceFinder.find(InstanceFinder.java:66)
	at java.beans.Introspector.findExplicitBeanInfo(Introspector.java:448)
	at java.beans.Introspector.<init>(Introspector.java:398)
	at java.beans.Introspector.getBeanInfo(Introspector.java:173)
	at org.assertj.core.util.introspection.Introspection.getProperty(Introspection.java:51)
	at org.assertj.core.internal.PropertySupport.propertyValue(PropertySupport.java:153)
	at org.assertj.core.internal.PropertySupport.propertyValueOf(PropertySupport.java:188)
	at org.assertj.core.extractor.ByNameSingleExtractor.extract(ByNameSingleExtractor.java:28)
	at org.assertj.core.groups.FieldsOrPropertiesExtractor.extract(FieldsOrPropertiesExtractor.java:57)
	at org.assertj.core.api.AbstractIterableAssert.extracting(AbstractIterableAssert.java:521)
	at com.bigcustard.scene2dplus.image.ImageAreaModelTest.fromFolder(ImageAreaModelTest.java:132)
	at sun.reflect.NativeMethodAccessorImpl.invoke0(Native Method)
	at sun.reflect.NativeMethodAccessorImpl.invoke(NativeMethodAccessorImpl.java:62)
	at sun.reflect.DelegatingMethodAccessorImpl.invoke(DelegatingMethodAccessorImpl.java:43)
	at java.lang.reflect.Method.invoke(Method.java:497)
	at org.junit.runners.model.FrameworkMethod$1.runReflectiveCall(FrameworkMethod.java:50)
	at org.junit.internal.runners.model.ReflectiveCallable.run(ReflectiveCallable.java:12)
	at org.junit.runners.model.FrameworkMethod.invokeExplosively(FrameworkMethod.java:47)
	at org.junit.internal.runners.statements.InvokeMethod.evaluate(InvokeMethod.java:17)
	at org.junit.internal.runners.statements.RunBefores.evaluate(RunBefores.java:26)
	at org.junit.runners.ParentRunner.runLeaf(ParentRunner.java:325)
	at org.junit.runners.BlockJUnit4ClassRunner.runChild(BlockJUnit4ClassRunner.java:78)
	at org.junit.runners.BlockJUnit4ClassRunner.runChild(BlockJUnit4ClassRunner.java:57)
	at org.junit.runners.ParentRunner$3.run(ParentRunner.java:290)
	at org.junit.runners.ParentRunner$1.schedule(ParentRunner.java:71)
	at org.junit.runners.ParentRunner.runChildren(ParentRunner.java:288)
	at org.junit.runners.ParentRunner.access$000(ParentRunner.java:58)
	at org.junit.runners.ParentRunner$2.evaluate(ParentRunner.java:268)
	at org.junit.runners.ParentRunner.run(ParentRunner.java:363)
	at org.junit.runners.Suite.runChild(Suite.java:128)
	at org.junit.runners.Suite.runChild(Suite.java:27)
	at org.junit.runners.ParentRunner$3.run(ParentRunner.java:290)
	at org.junit.runners.ParentRunner$1.schedule(ParentRunner.java:71)
	at org.junit.runners.ParentRunner.runChildren(ParentRunner.java:288)
	at org.junit.runners.ParentRunner.access$000(ParentRunner.java:58)
	at org.junit.runners.ParentRunner$2.evaluate(ParentRunner.java:268)
	at org.junit.runners.ParentRunner.run(ParentRunner.java:363)
	at org.junit.runner.JUnitCore.run(JUnitCore.java:137)
	at com.intellij.junit4.JUnit4IdeaTestRunner.startRunnerWithArgs(JUnit4IdeaTestRunner.java:78)
	at com.intellij.rt.execution.junit.JUnitStarter.prepareStreamsAndStart(JUnitStarter.java:212)
	at com.intellij.rt.execution.junit.JUnitStarter.main(JUnitStarter.java:68)
	at sun.reflect.NativeMethodAccessorImpl.invoke0(Native Method)
	at sun.reflect.NativeMethodAccessorImpl.invoke(NativeMethodAccessorImpl.java:62)
	at sun.reflect.DelegatingMethodAccessorImpl.invoke(DelegatingMethodAccessorImpl.java:43)
	at java.lang.reflect.Method.invoke(Method.java:497)
	at com.intellij.rt.execution.application.AppMain.main(AppMain.java:140)
[2015.04.02 23:00:55] (Coverage): Error during class instrumentation: com.sun.beans.util.Cache$Kind$2
java.lang.NullPointerException
	at com.intellij.rt.coverage.instrumentation.Instrumentator$MyClassWriter.typeInfo(Instrumentator.java:370)
	at com.intellij.rt.coverage.instrumentation.Instrumentator$MyClassWriter.getCommonSuperClass(Instrumentator.java:295)
	at org.jetbrains.org.objectweb.asm.ClassWriter.getMergedType(ClassWriter.java:1654)
	at org.jetbrains.org.objectweb.asm.Frame.merge(Frame.java:1426)
	at org.jetbrains.org.objectweb.asm.Frame.merge(Frame.java:1374)
	at org.jetbrains.org.objectweb.asm.MethodWriter.visitMaxs(MethodWriter.java:1475)
	at org.jetbrains.org.objectweb.asm.MethodVisitor.visitMaxs(MethodVisitor.java:866)
	at com.intellij.rt.coverage.instrumentation.SamplingInstrumenter$1.visitMaxs(SamplingInstrumenter.java:99)
	at org.jetbrains.org.objectweb.asm.ClassReader.readCode(ClassReader.java:1554)
	at org.jetbrains.org.objectweb.asm.ClassReader.readMethod(ClassReader.java:1017)
	at org.jetbrains.org.objectweb.asm.ClassReader.accept(ClassReader.java:693)
	at org.jetbrains.org.objectweb.asm.ClassReader.accept(ClassReader.java:506)
	at com.intellij.rt.coverage.instrumentation.Instrumentator.instrument(Instrumentator.java:193)
	at com.intellij.rt.coverage.instrumentation.Instrumentator.access$000(Instrumentator.java:41)
	at com.intellij.rt.coverage.instrumentation.Instrumentator$1.transform(Instrumentator.java:154)
	at sun.instrument.TransformerManager.transform(TransformerManager.java:188)
	at sun.instrument.InstrumentationImpl.transform(InstrumentationImpl.java:428)
	at com.sun.beans.util.Cache$Kind.<clinit>(Cache.java:411)
	at com.sun.beans.finder.MethodFinder.<clinit>(MethodFinder.java:49)
	at java.beans.Introspector.getPublicDeclaredMethods(Introspector.java:1344)
	at java.beans.Introspector.getTargetMethodInfo(Introspector.java:1197)
	at java.beans.Introspector.getBeanInfo(Introspector.java:426)
	at java.beans.Introspector.getBeanInfo(Introspector.java:173)
	at java.beans.Introspector.getBeanInfo(Introspector.java:260)
	at java.beans.Introspector.<init>(Introspector.java:407)
	at java.beans.Introspector.getBeanInfo(Introspector.java:173)
	at org.assertj.core.util.introspection.Introspection.getProperty(Introspection.java:51)
	at org.assertj.core.internal.PropertySupport.propertyValue(PropertySupport.java:153)
	at org.assertj.core.internal.PropertySupport.propertyValueOf(PropertySupport.java:188)
	at org.assertj.core.extractor.ByNameSingleExtractor.extract(ByNameSingleExtractor.java:28)
	at org.assertj.core.groups.FieldsOrPropertiesExtractor.extract(FieldsOrPropertiesExtractor.java:57)
	at org.assertj.core.api.AbstractIterableAssert.extracting(AbstractIterableAssert.java:521)
	at com.bigcustard.scene2dplus.image.ImageAreaModelTest.fromFolder(ImageAreaModelTest.java:132)
	at sun.reflect.NativeMethodAccessorImpl.invoke0(Native Method)
	at sun.reflect.NativeMethodAccessorImpl.invoke(NativeMethodAccessorImpl.java:62)
	at sun.reflect.DelegatingMethodAccessorImpl.invoke(DelegatingMethodAccessorImpl.java:43)
	at java.lang.reflect.Method.invoke(Method.java:497)
	at org.junit.runners.model.FrameworkMethod$1.runReflectiveCall(FrameworkMethod.java:50)
	at org.junit.internal.runners.model.ReflectiveCallable.run(ReflectiveCallable.java:12)
	at org.junit.runners.model.FrameworkMethod.invokeExplosively(FrameworkMethod.java:47)
	at org.junit.internal.runners.statements.InvokeMethod.evaluate(InvokeMethod.java:17)
	at org.junit.internal.runners.statements.RunBefores.evaluate(RunBefores.java:26)
	at org.junit.runners.ParentRunner.runLeaf(ParentRunner.java:325)
	at org.junit.runners.BlockJUnit4ClassRunner.runChild(BlockJUnit4ClassRunner.java:78)
	at org.junit.runners.BlockJUnit4ClassRunner.runChild(BlockJUnit4ClassRunner.java:57)
	at org.junit.runners.ParentRunner$3.run(ParentRunner.java:290)
	at org.junit.runners.ParentRunner$1.schedule(ParentRunner.java:71)
	at org.junit.runners.ParentRunner.runChildren(ParentRunner.java:288)
	at org.junit.runners.ParentRunner.access$000(ParentRunner.java:58)
	at org.junit.runners.ParentRunner$2.evaluate(ParentRunner.java:268)
	at org.junit.runners.ParentRunner.run(ParentRunner.java:363)
	at org.junit.runners.Suite.runChild(Suite.java:128)
	at org.junit.runners.Suite.runChild(Suite.java:27)
	at org.junit.runners.ParentRunner$3.run(ParentRunner.java:290)
	at org.junit.runners.ParentRunner$1.schedule(ParentRunner.java:71)
	at org.junit.runners.ParentRunner.runChildren(ParentRunner.java:288)
	at org.junit.runners.ParentRunner.access$000(ParentRunner.java:58)
	at org.junit.runners.ParentRunner$2.evaluate(ParentRunner.java:268)
	at org.junit.runners.ParentRunner.run(ParentRunner.java:363)
	at org.junit.runner.JUnitCore.run(JUnitCore.java:137)
	at com.intellij.junit4.JUnit4IdeaTestRunner.startRunnerWithArgs(JUnit4IdeaTestRunner.java:78)
	at com.intellij.rt.execution.junit.JUnitStarter.prepareStreamsAndStart(JUnitStarter.java:212)
	at com.intellij.rt.execution.junit.JUnitStarter.main(JUnitStarter.java:68)
	at sun.reflect.NativeMethodAccessorImpl.invoke0(Native Method)
	at sun.reflect.NativeMethodAccessorImpl.invoke(NativeMethodAccessorImpl.java:62)
	at sun.reflect.DelegatingMethodAccessorImpl.invoke(DelegatingMethodAccessorImpl.java:43)
	at java.lang.reflect.Method.invoke(Method.java:497)
	at com.intellij.rt.execution.application.AppMain.main(AppMain.java:140)
[2015.04.02 23:00:55] (Coverage): Error during class instrumentation: com.sun.beans.util.Cache$Kind$3
java.lang.NullPointerException
	at com.intellij.rt.coverage.instrumentation.Instrumentator$MyClassWriter.typeInfo(Instrumentator.java:370)
	at com.intellij.rt.coverage.instrumentation.Instrumentator$MyClassWriter.getCommonSuperClass(Instrumentator.java:295)
	at org.jetbrains.org.objectweb.asm.ClassWriter.getMergedType(ClassWriter.java:1654)
	at org.jetbrains.org.objectweb.asm.Frame.merge(Frame.java:1426)
	at org.jetbrains.org.objectweb.asm.Frame.merge(Frame.java:1374)
	at org.jetbrains.org.objectweb.asm.MethodWriter.visitMaxs(MethodWriter.java:1475)
	at org.jetbrains.org.objectweb.asm.MethodVisitor.visitMaxs(MethodVisitor.java:866)
	at com.intellij.rt.coverage.instrumentation.SamplingInstrumenter$1.visitMaxs(SamplingInstrumenter.java:99)
	at org.jetbrains.org.objectweb.asm.ClassReader.readCode(ClassReader.java:1554)
	at org.jetbrains.org.objectweb.asm.ClassReader.readMethod(ClassReader.java:1017)
	at org.jetbrains.org.objectweb.asm.ClassReader.accept(ClassReader.java:693)
	at org.jetbrains.org.objectweb.asm.ClassReader.accept(ClassReader.java:506)
	at com.intellij.rt.coverage.instrumentation.Instrumentator.instrument(Instrumentator.java:193)
	at com.intellij.rt.coverage.instrumentation.Instrumentator.access$000(Instrumentator.java:41)
	at com.intellij.rt.coverage.instrumentation.Instrumentator$1.transform(Instrumentator.java:154)
	at sun.instrument.TransformerManager.transform(TransformerManager.java:188)
	at sun.instrument.InstrumentationImpl.transform(InstrumentationImpl.java:428)
	at com.sun.beans.util.Cache$Kind.<clinit>(Cache.java:418)
	at com.sun.beans.finder.MethodFinder.<clinit>(MethodFinder.java:49)
	at java.beans.Introspector.getPublicDeclaredMethods(Introspector.java:1344)
	at java.beans.Introspector.getTargetMethodInfo(Introspector.java:1197)
	at java.beans.Introspector.getBeanInfo(Introspector.java:426)
	at java.beans.Introspector.getBeanInfo(Introspector.java:173)
	at java.beans.Introspector.getBeanInfo(Introspector.java:260)
	at java.beans.Introspector.<init>(Introspector.java:407)
	at java.beans.Introspector.getBeanInfo(Introspector.java:173)
	at org.assertj.core.util.introspection.Introspection.getProperty(Introspection.java:51)
	at org.assertj.core.internal.PropertySupport.propertyValue(PropertySupport.java:153)
	at org.assertj.core.internal.PropertySupport.propertyValueOf(PropertySupport.java:188)
	at org.assertj.core.extractor.ByNameSingleExtractor.extract(ByNameSingleExtractor.java:28)
	at org.assertj.core.groups.FieldsOrPropertiesExtractor.extract(FieldsOrPropertiesExtractor.java:57)
	at org.assertj.core.api.AbstractIterableAssert.extracting(AbstractIterableAssert.java:521)
	at com.bigcustard.scene2dplus.image.ImageAreaModelTest.fromFolder(ImageAreaModelTest.java:132)
	at sun.reflect.NativeMethodAccessorImpl.invoke0(Native Method)
	at sun.reflect.NativeMethodAccessorImpl.invoke(NativeMethodAccessorImpl.java:62)
	at sun.reflect.DelegatingMethodAccessorImpl.invoke(DelegatingMethodAccessorImpl.java:43)
	at java.lang.reflect.Method.invoke(Method.java:497)
	at org.junit.runners.model.FrameworkMethod$1.runReflectiveCall(FrameworkMethod.java:50)
	at org.junit.internal.runners.model.ReflectiveCallable.run(ReflectiveCallable.java:12)
	at org.junit.runners.model.FrameworkMethod.invokeExplosively(FrameworkMethod.java:47)
	at org.junit.internal.runners.statements.InvokeMethod.evaluate(InvokeMethod.java:17)
	at org.junit.internal.runners.statements.RunBefores.evaluate(RunBefores.java:26)
	at org.junit.runners.ParentRunner.runLeaf(ParentRunner.java:325)
	at org.junit.runners.BlockJUnit4ClassRunner.runChild(BlockJUnit4ClassRunner.java:78)
	at org.junit.runners.BlockJUnit4ClassRunner.runChild(BlockJUnit4ClassRunner.java:57)
	at org.junit.runners.ParentRunner$3.run(ParentRunner.java:290)
	at org.junit.runners.ParentRunner$1.schedule(ParentRunner.java:71)
	at org.junit.runners.ParentRunner.runChildren(ParentRunner.java:288)
	at org.junit.runners.ParentRunner.access$000(ParentRunner.java:58)
	at org.junit.runners.ParentRunner$2.evaluate(ParentRunner.java:268)
	at org.junit.runners.ParentRunner.run(ParentRunner.java:363)
	at org.junit.runners.Suite.runChild(Suite.java:128)
	at org.junit.runners.Suite.runChild(Suite.java:27)
	at org.junit.runners.ParentRunner$3.run(ParentRunner.java:290)
	at org.junit.runners.ParentRunner$1.schedule(ParentRunner.java:71)
	at org.junit.runners.ParentRunner.runChildren(ParentRunner.java:288)
	at org.junit.runners.ParentRunner.access$000(ParentRunner.java:58)
	at org.junit.runners.ParentRunner$2.evaluate(ParentRunner.java:268)
	at org.junit.runners.ParentRunner.run(ParentRunner.java:363)
	at org.junit.runner.JUnitCore.run(JUnitCore.java:137)
	at com.intellij.junit4.JUnit4IdeaTestRunner.startRunnerWithArgs(JUnit4IdeaTestRunner.java:78)
	at com.intellij.rt.execution.junit.JUnitStarter.prepareStreamsAndStart(JUnitStarter.java:212)
	at com.intellij.rt.execution.junit.JUnitStarter.main(JUnitStarter.java:68)
	at sun.reflect.NativeMethodAccessorImpl.invoke0(Native Method)
	at sun.reflect.NativeMethodAccessorImpl.invoke(NativeMethodAccessorImpl.java:62)
	at sun.reflect.DelegatingMethodAccessorImpl.invoke(DelegatingMethodAccessorImpl.java:43)
	at java.lang.reflect.Method.invoke(Method.java:497)
	at com.intellij.rt.execution.application.AppMain.main(AppMain.java:140)
[2015.04.02 23:00:55] (Coverage): Error during class instrumentation: com.sun.beans.TypeResolver
java.lang.NullPointerException
	at com.intellij.rt.coverage.instrumentation.Instrumentator$MyClassWriter.typeInfo(Instrumentator.java:370)
	at com.intellij.rt.coverage.instrumentation.Instrumentator$MyClassWriter.getCommonSuperClass(Instrumentator.java:295)
	at org.jetbrains.org.objectweb.asm.ClassWriter.getMergedType(ClassWriter.java:1654)
	at org.jetbrains.org.objectweb.asm.Frame.merge(Frame.java:1426)
	at org.jetbrains.org.objectweb.asm.Frame.merge(Frame.java:1325)
	at org.jetbrains.org.objectweb.asm.MethodWriter.visitMaxs(MethodWriter.java:1475)
	at org.jetbrains.org.objectweb.asm.MethodVisitor.visitMaxs(MethodVisitor.java:866)
	at com.intellij.rt.coverage.instrumentation.SamplingInstrumenter$1.visitMaxs(SamplingInstrumenter.java:99)
	at org.jetbrains.org.objectweb.asm.ClassReader.readCode(ClassReader.java:1554)
	at org.jetbrains.org.objectweb.asm.ClassReader.readMethod(ClassReader.java:1017)
	at org.jetbrains.org.objectweb.asm.ClassReader.accept(ClassReader.java:693)
	at org.jetbrains.org.objectweb.asm.ClassReader.accept(ClassReader.java:506)
	at com.intellij.rt.coverage.instrumentation.Instrumentator.instrument(Instrumentator.java:193)
	at com.intellij.rt.coverage.instrumentation.Instrumentator.access$000(Instrumentator.java:41)
	at com.intellij.rt.coverage.instrumentation.Instrumentator$1.transform(Instrumentator.java:154)
	at sun.instrument.TransformerManager.transform(TransformerManager.java:188)
	at sun.instrument.InstrumentationImpl.transform(InstrumentationImpl.java:428)
	at java.beans.FeatureDescriptor.getParameterTypes(FeatureDescriptor.java:387)
	at java.beans.MethodDescriptor.setMethod(MethodDescriptor.java:116)
	at java.beans.MethodDescriptor.<init>(MethodDescriptor.java:72)
	at java.beans.MethodDescriptor.<init>(MethodDescriptor.java:56)
	at java.beans.Introspector.getTargetMethodInfo(Introspector.java:1205)
	at java.beans.Introspector.getBeanInfo(Introspector.java:426)
	at java.beans.Introspector.getBeanInfo(Introspector.java:173)
	at java.beans.Introspector.getBeanInfo(Introspector.java:260)
	at java.beans.Introspector.<init>(Introspector.java:407)
	at java.beans.Introspector.getBeanInfo(Introspector.java:173)
	at org.assertj.core.util.introspection.Introspection.getProperty(Introspection.java:51)
	at org.assertj.core.internal.PropertySupport.propertyValue(PropertySupport.java:153)
	at org.assertj.core.internal.PropertySupport.propertyValueOf(PropertySupport.java:188)
	at org.assertj.core.extractor.ByNameSingleExtractor.extract(ByNameSingleExtractor.java:28)
	at org.assertj.core.groups.FieldsOrPropertiesExtractor.extract(FieldsOrPropertiesExtractor.java:57)
	at org.assertj.core.api.AbstractIterableAssert.extracting(AbstractIterableAssert.java:521)
	at com.bigcustard.scene2dplus.image.ImageAreaModelTest.fromFolder(ImageAreaModelTest.java:132)
	at sun.reflect.NativeMethodAccessorImpl.invoke0(Native Method)
	at sun.reflect.NativeMethodAccessorImpl.invoke(NativeMethodAccessorImpl.java:62)
	at sun.reflect.DelegatingMethodAccessorImpl.invoke(DelegatingMethodAccessorImpl.java:43)
	at java.lang.reflect.Method.invoke(Method.java:497)
	at org.junit.runners.model.FrameworkMethod$1.runReflectiveCall(FrameworkMethod.java:50)
	at org.junit.internal.runners.model.ReflectiveCallable.run(ReflectiveCallable.java:12)
	at org.junit.runners.model.FrameworkMethod.invokeExplosively(FrameworkMethod.java:47)
	at org.junit.internal.runners.statements.InvokeMethod.evaluate(InvokeMethod.java:17)
	at org.junit.internal.runners.statements.RunBefores.evaluate(RunBefores.java:26)
	at org.junit.runners.ParentRunner.runLeaf(ParentRunner.java:325)
	at org.junit.runners.BlockJUnit4ClassRunner.runChild(BlockJUnit4ClassRunner.java:78)
	at org.junit.runners.BlockJUnit4ClassRunner.runChild(BlockJUnit4ClassRunner.java:57)
	at org.junit.runners.ParentRunner$3.run(ParentRunner.java:290)
	at org.junit.runners.ParentRunner$1.schedule(ParentRunner.java:71)
	at org.junit.runners.ParentRunner.runChildren(ParentRunner.java:288)
	at org.junit.runners.ParentRunner.access$000(ParentRunner.java:58)
	at org.junit.runners.ParentRunner$2.evaluate(ParentRunner.java:268)
	at org.junit.runners.ParentRunner.run(ParentRunner.java:363)
	at org.junit.runners.Suite.runChild(Suite.java:128)
	at org.junit.runners.Suite.runChild(Suite.java:27)
	at org.junit.runners.ParentRunner$3.run(ParentRunner.java:290)
	at org.junit.runners.ParentRunner$1.schedule(ParentRunner.java:71)
	at org.junit.runners.ParentRunner.runChildren(ParentRunner.java:288)
	at org.junit.runners.ParentRunner.access$000(ParentRunner.java:58)
	at org.junit.runners.ParentRunner$2.evaluate(ParentRunner.java:268)
	at org.junit.runners.ParentRunner.run(ParentRunner.java:363)
	at org.junit.runner.JUnitCore.run(JUnitCore.java:137)
	at com.intellij.junit4.JUnit4IdeaTestRunner.startRunnerWithArgs(JUnit4IdeaTestRunner.java:78)
	at com.intellij.rt.execution.junit.JUnitStarter.prepareStreamsAndStart(JUnitStarter.java:212)
	at com.intellij.rt.execution.junit.JUnitStarter.main(JUnitStarter.java:68)
	at sun.reflect.NativeMethodAccessorImpl.invoke0(Native Method)
	at sun.reflect.NativeMethodAccessorImpl.invoke(NativeMethodAccessorImpl.java:62)
	at sun.reflect.DelegatingMethodAccessorImpl.invoke(DelegatingMethodAccessorImpl.java:43)
	at java.lang.reflect.Method.invoke(Method.java:497)
	at com.intellij.rt.execution.application.AppMain.main(AppMain.java:140)
[2015.04.02 23:03:30] (Coverage): Error during class instrumentation: com.sun.beans.finder.ClassFinder
java.lang.NullPointerException
	at com.intellij.rt.coverage.instrumentation.Instrumentator$MyClassWriter.typeInfo(Instrumentator.java:370)
	at com.intellij.rt.coverage.instrumentation.Instrumentator$MyClassWriter.getCommonSuperClass(Instrumentator.java:295)
	at org.jetbrains.org.objectweb.asm.ClassWriter.getMergedType(ClassWriter.java:1654)
	at org.jetbrains.org.objectweb.asm.Frame.merge(Frame.java:1426)
	at org.jetbrains.org.objectweb.asm.Frame.merge(Frame.java:1325)
	at org.jetbrains.org.objectweb.asm.MethodWriter.visitMaxs(MethodWriter.java:1475)
	at org.jetbrains.org.objectweb.asm.MethodVisitor.visitMaxs(MethodVisitor.java:866)
	at com.intellij.rt.coverage.instrumentation.SamplingInstrumenter$1.visitMaxs(SamplingInstrumenter.java:99)
	at org.jetbrains.org.objectweb.asm.ClassReader.readCode(ClassReader.java:1554)
	at org.jetbrains.org.objectweb.asm.ClassReader.readMethod(ClassReader.java:1017)
	at org.jetbrains.org.objectweb.asm.ClassReader.accept(ClassReader.java:693)
	at org.jetbrains.org.objectweb.asm.ClassReader.accept(ClassReader.java:506)
	at com.intellij.rt.coverage.instrumentation.Instrumentator.instrument(Instrumentator.java:193)
	at com.intellij.rt.coverage.instrumentation.Instrumentator.access$000(Instrumentator.java:41)
	at com.intellij.rt.coverage.instrumentation.Instrumentator$1.transform(Instrumentator.java:154)
	at sun.instrument.TransformerManager.transform(TransformerManager.java:188)
	at sun.instrument.InstrumentationImpl.transform(InstrumentationImpl.java:428)
	at com.sun.beans.finder.InstanceFinder.instantiate(InstanceFinder.java:93)
	at com.sun.beans.finder.InstanceFinder.find(InstanceFinder.java:66)
	at java.beans.Introspector.findExplicitBeanInfo(Introspector.java:448)
	at java.beans.Introspector.<init>(Introspector.java:398)
	at java.beans.Introspector.getBeanInfo(Introspector.java:173)
	at org.assertj.core.util.introspection.Introspection.getProperty(Introspection.java:51)
	at org.assertj.core.internal.PropertySupport.propertyValue(PropertySupport.java:153)
	at org.assertj.core.internal.PropertySupport.propertyValueOf(PropertySupport.java:188)
	at org.assertj.core.extractor.ByNameSingleExtractor.extract(ByNameSingleExtractor.java:28)
	at org.assertj.core.groups.FieldsOrPropertiesExtractor.extract(FieldsOrPropertiesExtractor.java:57)
	at org.assertj.core.api.AbstractIterableAssert.extracting(AbstractIterableAssert.java:521)
	at com.bigcustard.scene2dplus.image.ImageAreaModelTest.fromFolder(ImageAreaModelTest.java:132)
	at sun.reflect.NativeMethodAccessorImpl.invoke0(Native Method)
	at sun.reflect.NativeMethodAccessorImpl.invoke(NativeMethodAccessorImpl.java:62)
	at sun.reflect.DelegatingMethodAccessorImpl.invoke(DelegatingMethodAccessorImpl.java:43)
	at java.lang.reflect.Method.invoke(Method.java:497)
	at org.junit.runners.model.FrameworkMethod$1.runReflectiveCall(FrameworkMethod.java:50)
	at org.junit.internal.runners.model.ReflectiveCallable.run(ReflectiveCallable.java:12)
	at org.junit.runners.model.FrameworkMethod.invokeExplosively(FrameworkMethod.java:47)
	at org.junit.internal.runners.statements.InvokeMethod.evaluate(InvokeMethod.java:17)
	at org.junit.internal.runners.statements.RunBefores.evaluate(RunBefores.java:26)
	at org.junit.runners.ParentRunner.runLeaf(ParentRunner.java:325)
	at org.junit.runners.BlockJUnit4ClassRunner.runChild(BlockJUnit4ClassRunner.java:78)
	at org.junit.runners.BlockJUnit4ClassRunner.runChild(BlockJUnit4ClassRunner.java:57)
	at org.junit.runners.ParentRunner$3.run(ParentRunner.java:290)
	at org.junit.runners.ParentRunner$1.schedule(ParentRunner.java:71)
	at org.junit.runners.ParentRunner.runChildren(ParentRunner.java:288)
	at org.junit.runners.ParentRunner.access$000(ParentRunner.java:58)
	at org.junit.runners.ParentRunner$2.evaluate(ParentRunner.java:268)
	at org.junit.runners.ParentRunner.run(ParentRunner.java:363)
	at org.junit.runners.Suite.runChild(Suite.java:128)
	at org.junit.runners.Suite.runChild(Suite.java:27)
	at org.junit.runners.ParentRunner$3.run(ParentRunner.java:290)
	at org.junit.runners.ParentRunner$1.schedule(ParentRunner.java:71)
	at org.junit.runners.ParentRunner.runChildren(ParentRunner.java:288)
	at org.junit.runners.ParentRunner.access$000(ParentRunner.java:58)
	at org.junit.runners.ParentRunner$2.evaluate(ParentRunner.java:268)
	at org.junit.runners.ParentRunner.run(ParentRunner.java:363)
	at org.junit.runner.JUnitCore.run(JUnitCore.java:137)
	at com.intellij.junit4.JUnit4IdeaTestRunner.startRunnerWithArgs(JUnit4IdeaTestRunner.java:78)
	at com.intellij.rt.execution.junit.JUnitStarter.prepareStreamsAndStart(JUnitStarter.java:212)
	at com.intellij.rt.execution.junit.JUnitStarter.main(JUnitStarter.java:68)
	at sun.reflect.NativeMethodAccessorImpl.invoke0(Native Method)
	at sun.reflect.NativeMethodAccessorImpl.invoke(NativeMethodAccessorImpl.java:62)
	at sun.reflect.DelegatingMethodAccessorImpl.invoke(DelegatingMethodAccessorImpl.java:43)
	at java.lang.reflect.Method.invoke(Method.java:497)
	at com.intellij.rt.execution.application.AppMain.main(AppMain.java:140)
[2015.04.02 23:03:30] (Coverage): Error during class instrumentation: com.sun.beans.util.Cache$Kind$2
java.lang.NullPointerException
	at com.intellij.rt.coverage.instrumentation.Instrumentator$MyClassWriter.typeInfo(Instrumentator.java:370)
	at com.intellij.rt.coverage.instrumentation.Instrumentator$MyClassWriter.getCommonSuperClass(Instrumentator.java:295)
	at org.jetbrains.org.objectweb.asm.ClassWriter.getMergedType(ClassWriter.java:1654)
	at org.jetbrains.org.objectweb.asm.Frame.merge(Frame.java:1426)
	at org.jetbrains.org.objectweb.asm.Frame.merge(Frame.java:1374)
	at org.jetbrains.org.objectweb.asm.MethodWriter.visitMaxs(MethodWriter.java:1475)
	at org.jetbrains.org.objectweb.asm.MethodVisitor.visitMaxs(MethodVisitor.java:866)
	at com.intellij.rt.coverage.instrumentation.SamplingInstrumenter$1.visitMaxs(SamplingInstrumenter.java:99)
	at org.jetbrains.org.objectweb.asm.ClassReader.readCode(ClassReader.java:1554)
	at org.jetbrains.org.objectweb.asm.ClassReader.readMethod(ClassReader.java:1017)
	at org.jetbrains.org.objectweb.asm.ClassReader.accept(ClassReader.java:693)
	at org.jetbrains.org.objectweb.asm.ClassReader.accept(ClassReader.java:506)
	at com.intellij.rt.coverage.instrumentation.Instrumentator.instrument(Instrumentator.java:193)
	at com.intellij.rt.coverage.instrumentation.Instrumentator.access$000(Instrumentator.java:41)
	at com.intellij.rt.coverage.instrumentation.Instrumentator$1.transform(Instrumentator.java:154)
	at sun.instrument.TransformerManager.transform(TransformerManager.java:188)
	at sun.instrument.InstrumentationImpl.transform(InstrumentationImpl.java:428)
	at com.sun.beans.util.Cache$Kind.<clinit>(Cache.java:411)
	at com.sun.beans.finder.MethodFinder.<clinit>(MethodFinder.java:49)
	at java.beans.Introspector.getPublicDeclaredMethods(Introspector.java:1344)
	at java.beans.Introspector.getTargetMethodInfo(Introspector.java:1197)
	at java.beans.Introspector.getBeanInfo(Introspector.java:426)
	at java.beans.Introspector.getBeanInfo(Introspector.java:173)
	at java.beans.Introspector.getBeanInfo(Introspector.java:260)
	at java.beans.Introspector.<init>(Introspector.java:407)
	at java.beans.Introspector.getBeanInfo(Introspector.java:173)
	at org.assertj.core.util.introspection.Introspection.getProperty(Introspection.java:51)
	at org.assertj.core.internal.PropertySupport.propertyValue(PropertySupport.java:153)
	at org.assertj.core.internal.PropertySupport.propertyValueOf(PropertySupport.java:188)
	at org.assertj.core.extractor.ByNameSingleExtractor.extract(ByNameSingleExtractor.java:28)
	at org.assertj.core.groups.FieldsOrPropertiesExtractor.extract(FieldsOrPropertiesExtractor.java:57)
	at org.assertj.core.api.AbstractIterableAssert.extracting(AbstractIterableAssert.java:521)
	at com.bigcustard.scene2dplus.image.ImageAreaModelTest.fromFolder(ImageAreaModelTest.java:132)
	at sun.reflect.NativeMethodAccessorImpl.invoke0(Native Method)
	at sun.reflect.NativeMethodAccessorImpl.invoke(NativeMethodAccessorImpl.java:62)
	at sun.reflect.DelegatingMethodAccessorImpl.invoke(DelegatingMethodAccessorImpl.java:43)
	at java.lang.reflect.Method.invoke(Method.java:497)
	at org.junit.runners.model.FrameworkMethod$1.runReflectiveCall(FrameworkMethod.java:50)
	at org.junit.internal.runners.model.ReflectiveCallable.run(ReflectiveCallable.java:12)
	at org.junit.runners.model.FrameworkMethod.invokeExplosively(FrameworkMethod.java:47)
	at org.junit.internal.runners.statements.InvokeMethod.evaluate(InvokeMethod.java:17)
	at org.junit.internal.runners.statements.RunBefores.evaluate(RunBefores.java:26)
	at org.junit.runners.ParentRunner.runLeaf(ParentRunner.java:325)
	at org.junit.runners.BlockJUnit4ClassRunner.runChild(BlockJUnit4ClassRunner.java:78)
	at org.junit.runners.BlockJUnit4ClassRunner.runChild(BlockJUnit4ClassRunner.java:57)
	at org.junit.runners.ParentRunner$3.run(ParentRunner.java:290)
	at org.junit.runners.ParentRunner$1.schedule(ParentRunner.java:71)
	at org.junit.runners.ParentRunner.runChildren(ParentRunner.java:288)
	at org.junit.runners.ParentRunner.access$000(ParentRunner.java:58)
	at org.junit.runners.ParentRunner$2.evaluate(ParentRunner.java:268)
	at org.junit.runners.ParentRunner.run(ParentRunner.java:363)
	at org.junit.runners.Suite.runChild(Suite.java:128)
	at org.junit.runners.Suite.runChild(Suite.java:27)
	at org.junit.runners.ParentRunner$3.run(ParentRunner.java:290)
	at org.junit.runners.ParentRunner$1.schedule(ParentRunner.java:71)
	at org.junit.runners.ParentRunner.runChildren(ParentRunner.java:288)
	at org.junit.runners.ParentRunner.access$000(ParentRunner.java:58)
	at org.junit.runners.ParentRunner$2.evaluate(ParentRunner.java:268)
	at org.junit.runners.ParentRunner.run(ParentRunner.java:363)
	at org.junit.runner.JUnitCore.run(JUnitCore.java:137)
	at com.intellij.junit4.JUnit4IdeaTestRunner.startRunnerWithArgs(JUnit4IdeaTestRunner.java:78)
	at com.intellij.rt.execution.junit.JUnitStarter.prepareStreamsAndStart(JUnitStarter.java:212)
	at com.intellij.rt.execution.junit.JUnitStarter.main(JUnitStarter.java:68)
	at sun.reflect.NativeMethodAccessorImpl.invoke0(Native Method)
	at sun.reflect.NativeMethodAccessorImpl.invoke(NativeMethodAccessorImpl.java:62)
	at sun.reflect.DelegatingMethodAccessorImpl.invoke(DelegatingMethodAccessorImpl.java:43)
	at java.lang.reflect.Method.invoke(Method.java:497)
	at com.intellij.rt.execution.application.AppMain.main(AppMain.java:140)
[2015.04.02 23:03:30] (Coverage): Error during class instrumentation: com.sun.beans.util.Cache$Kind$3
java.lang.NullPointerException
	at com.intellij.rt.coverage.instrumentation.Instrumentator$MyClassWriter.typeInfo(Instrumentator.java:370)
	at com.intellij.rt.coverage.instrumentation.Instrumentator$MyClassWriter.getCommonSuperClass(Instrumentator.java:295)
	at org.jetbrains.org.objectweb.asm.ClassWriter.getMergedType(ClassWriter.java:1654)
	at org.jetbrains.org.objectweb.asm.Frame.merge(Frame.java:1426)
	at org.jetbrains.org.objectweb.asm.Frame.merge(Frame.java:1374)
	at org.jetbrains.org.objectweb.asm.MethodWriter.visitMaxs(MethodWriter.java:1475)
	at org.jetbrains.org.objectweb.asm.MethodVisitor.visitMaxs(MethodVisitor.java:866)
	at com.intellij.rt.coverage.instrumentation.SamplingInstrumenter$1.visitMaxs(SamplingInstrumenter.java:99)
	at org.jetbrains.org.objectweb.asm.ClassReader.readCode(ClassReader.java:1554)
	at org.jetbrains.org.objectweb.asm.ClassReader.readMethod(ClassReader.java:1017)
	at org.jetbrains.org.objectweb.asm.ClassReader.accept(ClassReader.java:693)
	at org.jetbrains.org.objectweb.asm.ClassReader.accept(ClassReader.java:506)
	at com.intellij.rt.coverage.instrumentation.Instrumentator.instrument(Instrumentator.java:193)
	at com.intellij.rt.coverage.instrumentation.Instrumentator.access$000(Instrumentator.java:41)
	at com.intellij.rt.coverage.instrumentation.Instrumentator$1.transform(Instrumentator.java:154)
	at sun.instrument.TransformerManager.transform(TransformerManager.java:188)
	at sun.instrument.InstrumentationImpl.transform(InstrumentationImpl.java:428)
	at com.sun.beans.util.Cache$Kind.<clinit>(Cache.java:418)
	at com.sun.beans.finder.MethodFinder.<clinit>(MethodFinder.java:49)
	at java.beans.Introspector.getPublicDeclaredMethods(Introspector.java:1344)
	at java.beans.Introspector.getTargetMethodInfo(Introspector.java:1197)
	at java.beans.Introspector.getBeanInfo(Introspector.java:426)
	at java.beans.Introspector.getBeanInfo(Introspector.java:173)
	at java.beans.Introspector.getBeanInfo(Introspector.java:260)
	at java.beans.Introspector.<init>(Introspector.java:407)
	at java.beans.Introspector.getBeanInfo(Introspector.java:173)
	at org.assertj.core.util.introspection.Introspection.getProperty(Introspection.java:51)
	at org.assertj.core.internal.PropertySupport.propertyValue(PropertySupport.java:153)
	at org.assertj.core.internal.PropertySupport.propertyValueOf(PropertySupport.java:188)
	at org.assertj.core.extractor.ByNameSingleExtractor.extract(ByNameSingleExtractor.java:28)
	at org.assertj.core.groups.FieldsOrPropertiesExtractor.extract(FieldsOrPropertiesExtractor.java:57)
	at org.assertj.core.api.AbstractIterableAssert.extracting(AbstractIterableAssert.java:521)
	at com.bigcustard.scene2dplus.image.ImageAreaModelTest.fromFolder(ImageAreaModelTest.java:132)
	at sun.reflect.NativeMethodAccessorImpl.invoke0(Native Method)
	at sun.reflect.NativeMethodAccessorImpl.invoke(NativeMethodAccessorImpl.java:62)
	at sun.reflect.DelegatingMethodAccessorImpl.invoke(DelegatingMethodAccessorImpl.java:43)
	at java.lang.reflect.Method.invoke(Method.java:497)
	at org.junit.runners.model.FrameworkMethod$1.runReflectiveCall(FrameworkMethod.java:50)
	at org.junit.internal.runners.model.ReflectiveCallable.run(ReflectiveCallable.java:12)
	at org.junit.runners.model.FrameworkMethod.invokeExplosively(FrameworkMethod.java:47)
	at org.junit.internal.runners.statements.InvokeMethod.evaluate(InvokeMethod.java:17)
	at org.junit.internal.runners.statements.RunBefores.evaluate(RunBefores.java:26)
	at org.junit.runners.ParentRunner.runLeaf(ParentRunner.java:325)
	at org.junit.runners.BlockJUnit4ClassRunner.runChild(BlockJUnit4ClassRunner.java:78)
	at org.junit.runners.BlockJUnit4ClassRunner.runChild(BlockJUnit4ClassRunner.java:57)
	at org.junit.runners.ParentRunner$3.run(ParentRunner.java:290)
	at org.junit.runners.ParentRunner$1.schedule(ParentRunner.java:71)
	at org.junit.runners.ParentRunner.runChildren(ParentRunner.java:288)
	at org.junit.runners.ParentRunner.access$000(ParentRunner.java:58)
	at org.junit.runners.ParentRunner$2.evaluate(ParentRunner.java:268)
	at org.junit.runners.ParentRunner.run(ParentRunner.java:363)
	at org.junit.runners.Suite.runChild(Suite.java:128)
	at org.junit.runners.Suite.runChild(Suite.java:27)
	at org.junit.runners.ParentRunner$3.run(ParentRunner.java:290)
	at org.junit.runners.ParentRunner$1.schedule(ParentRunner.java:71)
	at org.junit.runners.ParentRunner.runChildren(ParentRunner.java:288)
	at org.junit.runners.ParentRunner.access$000(ParentRunner.java:58)
	at org.junit.runners.ParentRunner$2.evaluate(ParentRunner.java:268)
	at org.junit.runners.ParentRunner.run(ParentRunner.java:363)
	at org.junit.runner.JUnitCore.run(JUnitCore.java:137)
	at com.intellij.junit4.JUnit4IdeaTestRunner.startRunnerWithArgs(JUnit4IdeaTestRunner.java:78)
	at com.intellij.rt.execution.junit.JUnitStarter.prepareStreamsAndStart(JUnitStarter.java:212)
	at com.intellij.rt.execution.junit.JUnitStarter.main(JUnitStarter.java:68)
	at sun.reflect.NativeMethodAccessorImpl.invoke0(Native Method)
	at sun.reflect.NativeMethodAccessorImpl.invoke(NativeMethodAccessorImpl.java:62)
	at sun.reflect.DelegatingMethodAccessorImpl.invoke(DelegatingMethodAccessorImpl.java:43)
	at java.lang.reflect.Method.invoke(Method.java:497)
	at com.intellij.rt.execution.application.AppMain.main(AppMain.java:140)
[2015.04.02 23:03:30] (Coverage): Error during class instrumentation: com.sun.beans.TypeResolver
java.lang.NullPointerException
	at com.intellij.rt.coverage.instrumentation.Instrumentator$MyClassWriter.typeInfo(Instrumentator.java:370)
	at com.intellij.rt.coverage.instrumentation.Instrumentator$MyClassWriter.getCommonSuperClass(Instrumentator.java:295)
	at org.jetbrains.org.objectweb.asm.ClassWriter.getMergedType(ClassWriter.java:1654)
	at org.jetbrains.org.objectweb.asm.Frame.merge(Frame.java:1426)
	at org.jetbrains.org.objectweb.asm.Frame.merge(Frame.java:1325)
	at org.jetbrains.org.objectweb.asm.MethodWriter.visitMaxs(MethodWriter.java:1475)
	at org.jetbrains.org.objectweb.asm.MethodVisitor.visitMaxs(MethodVisitor.java:866)
	at com.intellij.rt.coverage.instrumentation.SamplingInstrumenter$1.visitMaxs(SamplingInstrumenter.java:99)
	at org.jetbrains.org.objectweb.asm.ClassReader.readCode(ClassReader.java:1554)
	at org.jetbrains.org.objectweb.asm.ClassReader.readMethod(ClassReader.java:1017)
	at org.jetbrains.org.objectweb.asm.ClassReader.accept(ClassReader.java:693)
	at org.jetbrains.org.objectweb.asm.ClassReader.accept(ClassReader.java:506)
	at com.intellij.rt.coverage.instrumentation.Instrumentator.instrument(Instrumentator.java:193)
	at com.intellij.rt.coverage.instrumentation.Instrumentator.access$000(Instrumentator.java:41)
	at com.intellij.rt.coverage.instrumentation.Instrumentator$1.transform(Instrumentator.java:154)
	at sun.instrument.TransformerManager.transform(TransformerManager.java:188)
	at sun.instrument.InstrumentationImpl.transform(InstrumentationImpl.java:428)
	at java.beans.FeatureDescriptor.getParameterTypes(FeatureDescriptor.java:387)
	at java.beans.MethodDescriptor.setMethod(MethodDescriptor.java:116)
	at java.beans.MethodDescriptor.<init>(MethodDescriptor.java:72)
	at java.beans.MethodDescriptor.<init>(MethodDescriptor.java:56)
	at java.beans.Introspector.getTargetMethodInfo(Introspector.java:1205)
	at java.beans.Introspector.getBeanInfo(Introspector.java:426)
	at java.beans.Introspector.getBeanInfo(Introspector.java:173)
	at java.beans.Introspector.getBeanInfo(Introspector.java:260)
	at java.beans.Introspector.<init>(Introspector.java:407)
	at java.beans.Introspector.getBeanInfo(Introspector.java:173)
	at org.assertj.core.util.introspection.Introspection.getProperty(Introspection.java:51)
	at org.assertj.core.internal.PropertySupport.propertyValue(PropertySupport.java:153)
	at org.assertj.core.internal.PropertySupport.propertyValueOf(PropertySupport.java:188)
	at org.assertj.core.extractor.ByNameSingleExtractor.extract(ByNameSingleExtractor.java:28)
	at org.assertj.core.groups.FieldsOrPropertiesExtractor.extract(FieldsOrPropertiesExtractor.java:57)
	at org.assertj.core.api.AbstractIterableAssert.extracting(AbstractIterableAssert.java:521)
	at com.bigcustard.scene2dplus.image.ImageAreaModelTest.fromFolder(ImageAreaModelTest.java:132)
	at sun.reflect.NativeMethodAccessorImpl.invoke0(Native Method)
	at sun.reflect.NativeMethodAccessorImpl.invoke(NativeMethodAccessorImpl.java:62)
	at sun.reflect.DelegatingMethodAccessorImpl.invoke(DelegatingMethodAccessorImpl.java:43)
	at java.lang.reflect.Method.invoke(Method.java:497)
	at org.junit.runners.model.FrameworkMethod$1.runReflectiveCall(FrameworkMethod.java:50)
	at org.junit.internal.runners.model.ReflectiveCallable.run(ReflectiveCallable.java:12)
	at org.junit.runners.model.FrameworkMethod.invokeExplosively(FrameworkMethod.java:47)
	at org.junit.internal.runners.statements.InvokeMethod.evaluate(InvokeMethod.java:17)
	at org.junit.internal.runners.statements.RunBefores.evaluate(RunBefores.java:26)
	at org.junit.runners.ParentRunner.runLeaf(ParentRunner.java:325)
	at org.junit.runners.BlockJUnit4ClassRunner.runChild(BlockJUnit4ClassRunner.java:78)
	at org.junit.runners.BlockJUnit4ClassRunner.runChild(BlockJUnit4ClassRunner.java:57)
	at org.junit.runners.ParentRunner$3.run(ParentRunner.java:290)
	at org.junit.runners.ParentRunner$1.schedule(ParentRunner.java:71)
	at org.junit.runners.ParentRunner.runChildren(ParentRunner.java:288)
	at org.junit.runners.ParentRunner.access$000(ParentRunner.java:58)
	at org.junit.runners.ParentRunner$2.evaluate(ParentRunner.java:268)
	at org.junit.runners.ParentRunner.run(ParentRunner.java:363)
	at org.junit.runners.Suite.runChild(Suite.java:128)
	at org.junit.runners.Suite.runChild(Suite.java:27)
	at org.junit.runners.ParentRunner$3.run(ParentRunner.java:290)
	at org.junit.runners.ParentRunner$1.schedule(ParentRunner.java:71)
	at org.junit.runners.ParentRunner.runChildren(ParentRunner.java:288)
	at org.junit.runners.ParentRunner.access$000(ParentRunner.java:58)
	at org.junit.runners.ParentRunner$2.evaluate(ParentRunner.java:268)
	at org.junit.runners.ParentRunner.run(ParentRunner.java:363)
	at org.junit.runner.JUnitCore.run(JUnitCore.java:137)
	at com.intellij.junit4.JUnit4IdeaTestRunner.startRunnerWithArgs(JUnit4IdeaTestRunner.java:78)
	at com.intellij.rt.execution.junit.JUnitStarter.prepareStreamsAndStart(JUnitStarter.java:212)
	at com.intellij.rt.execution.junit.JUnitStarter.main(JUnitStarter.java:68)
	at sun.reflect.NativeMethodAccessorImpl.invoke0(Native Method)
	at sun.reflect.NativeMethodAccessorImpl.invoke(NativeMethodAccessorImpl.java:62)
	at sun.reflect.DelegatingMethodAccessorImpl.invoke(DelegatingMethodAccessorImpl.java:43)
	at java.lang.reflect.Method.invoke(Method.java:497)
	at com.intellij.rt.execution.application.AppMain.main(AppMain.java:140)
[2015.04.02 23:52:04] (Coverage): Error during class instrumentation: com.sun.beans.finder.ClassFinder
java.lang.NullPointerException
	at com.intellij.rt.coverage.instrumentation.Instrumentator$MyClassWriter.typeInfo(Instrumentator.java:370)
	at com.intellij.rt.coverage.instrumentation.Instrumentator$MyClassWriter.getCommonSuperClass(Instrumentator.java:295)
	at org.jetbrains.org.objectweb.asm.ClassWriter.getMergedType(ClassWriter.java:1654)
	at org.jetbrains.org.objectweb.asm.Frame.merge(Frame.java:1426)
	at org.jetbrains.org.objectweb.asm.Frame.merge(Frame.java:1325)
	at org.jetbrains.org.objectweb.asm.MethodWriter.visitMaxs(MethodWriter.java:1475)
	at org.jetbrains.org.objectweb.asm.MethodVisitor.visitMaxs(MethodVisitor.java:866)
	at com.intellij.rt.coverage.instrumentation.SamplingInstrumenter$1.visitMaxs(SamplingInstrumenter.java:99)
	at org.jetbrains.org.objectweb.asm.ClassReader.readCode(ClassReader.java:1554)
	at org.jetbrains.org.objectweb.asm.ClassReader.readMethod(ClassReader.java:1017)
	at org.jetbrains.org.objectweb.asm.ClassReader.accept(ClassReader.java:693)
	at org.jetbrains.org.objectweb.asm.ClassReader.accept(ClassReader.java:506)
	at com.intellij.rt.coverage.instrumentation.Instrumentator.instrument(Instrumentator.java:193)
	at com.intellij.rt.coverage.instrumentation.Instrumentator.access$000(Instrumentator.java:41)
	at com.intellij.rt.coverage.instrumentation.Instrumentator$1.transform(Instrumentator.java:154)
	at sun.instrument.TransformerManager.transform(TransformerManager.java:188)
	at sun.instrument.InstrumentationImpl.transform(InstrumentationImpl.java:428)
	at com.sun.beans.finder.InstanceFinder.instantiate(InstanceFinder.java:93)
	at com.sun.beans.finder.InstanceFinder.find(InstanceFinder.java:66)
	at java.beans.Introspector.findExplicitBeanInfo(Introspector.java:448)
	at java.beans.Introspector.<init>(Introspector.java:398)
	at java.beans.Introspector.getBeanInfo(Introspector.java:173)
	at org.assertj.core.util.introspection.Introspection.getProperty(Introspection.java:51)
	at org.assertj.core.internal.PropertySupport.propertyValue(PropertySupport.java:153)
	at org.assertj.core.internal.PropertySupport.propertyValueOf(PropertySupport.java:188)
	at org.assertj.core.extractor.ByNameSingleExtractor.extract(ByNameSingleExtractor.java:28)
	at org.assertj.core.groups.FieldsOrPropertiesExtractor.extract(FieldsOrPropertiesExtractor.java:57)
	at org.assertj.core.api.AbstractIterableAssert.extracting(AbstractIterableAssert.java:521)
	at com.bigcustard.scene2dplus.image.ImageAreaModelTest.fromFolder(ImageAreaModelTest.java:132)
	at sun.reflect.NativeMethodAccessorImpl.invoke0(Native Method)
	at sun.reflect.NativeMethodAccessorImpl.invoke(NativeMethodAccessorImpl.java:62)
	at sun.reflect.DelegatingMethodAccessorImpl.invoke(DelegatingMethodAccessorImpl.java:43)
	at java.lang.reflect.Method.invoke(Method.java:497)
	at org.junit.runners.model.FrameworkMethod$1.runReflectiveCall(FrameworkMethod.java:50)
	at org.junit.internal.runners.model.ReflectiveCallable.run(ReflectiveCallable.java:12)
	at org.junit.runners.model.FrameworkMethod.invokeExplosively(FrameworkMethod.java:47)
	at org.junit.internal.runners.statements.InvokeMethod.evaluate(InvokeMethod.java:17)
	at org.junit.internal.runners.statements.RunBefores.evaluate(RunBefores.java:26)
	at org.junit.runners.ParentRunner.runLeaf(ParentRunner.java:325)
	at org.junit.runners.BlockJUnit4ClassRunner.runChild(BlockJUnit4ClassRunner.java:78)
	at org.junit.runners.BlockJUnit4ClassRunner.runChild(BlockJUnit4ClassRunner.java:57)
	at org.junit.runners.ParentRunner$3.run(ParentRunner.java:290)
	at org.junit.runners.ParentRunner$1.schedule(ParentRunner.java:71)
	at org.junit.runners.ParentRunner.runChildren(ParentRunner.java:288)
	at org.junit.runners.ParentRunner.access$000(ParentRunner.java:58)
	at org.junit.runners.ParentRunner$2.evaluate(ParentRunner.java:268)
	at org.junit.runners.ParentRunner.run(ParentRunner.java:363)
	at org.junit.runners.Suite.runChild(Suite.java:128)
	at org.junit.runners.Suite.runChild(Suite.java:27)
	at org.junit.runners.ParentRunner$3.run(ParentRunner.java:290)
	at org.junit.runners.ParentRunner$1.schedule(ParentRunner.java:71)
	at org.junit.runners.ParentRunner.runChildren(ParentRunner.java:288)
	at org.junit.runners.ParentRunner.access$000(ParentRunner.java:58)
	at org.junit.runners.ParentRunner$2.evaluate(ParentRunner.java:268)
	at org.junit.runners.ParentRunner.run(ParentRunner.java:363)
	at org.junit.runner.JUnitCore.run(JUnitCore.java:137)
	at com.intellij.junit4.JUnit4IdeaTestRunner.startRunnerWithArgs(JUnit4IdeaTestRunner.java:78)
	at com.intellij.rt.execution.junit.JUnitStarter.prepareStreamsAndStart(JUnitStarter.java:212)
	at com.intellij.rt.execution.junit.JUnitStarter.main(JUnitStarter.java:68)
	at sun.reflect.NativeMethodAccessorImpl.invoke0(Native Method)
	at sun.reflect.NativeMethodAccessorImpl.invoke(NativeMethodAccessorImpl.java:62)
	at sun.reflect.DelegatingMethodAccessorImpl.invoke(DelegatingMethodAccessorImpl.java:43)
	at java.lang.reflect.Method.invoke(Method.java:497)
	at com.intellij.rt.execution.application.AppMain.main(AppMain.java:140)
[2015.04.02 23:52:04] (Coverage): Error during class instrumentation: com.sun.beans.util.Cache$Kind$2
java.lang.NullPointerException
	at com.intellij.rt.coverage.instrumentation.Instrumentator$MyClassWriter.typeInfo(Instrumentator.java:370)
	at com.intellij.rt.coverage.instrumentation.Instrumentator$MyClassWriter.getCommonSuperClass(Instrumentator.java:295)
	at org.jetbrains.org.objectweb.asm.ClassWriter.getMergedType(ClassWriter.java:1654)
	at org.jetbrains.org.objectweb.asm.Frame.merge(Frame.java:1426)
	at org.jetbrains.org.objectweb.asm.Frame.merge(Frame.java:1374)
	at org.jetbrains.org.objectweb.asm.MethodWriter.visitMaxs(MethodWriter.java:1475)
	at org.jetbrains.org.objectweb.asm.MethodVisitor.visitMaxs(MethodVisitor.java:866)
	at com.intellij.rt.coverage.instrumentation.SamplingInstrumenter$1.visitMaxs(SamplingInstrumenter.java:99)
	at org.jetbrains.org.objectweb.asm.ClassReader.readCode(ClassReader.java:1554)
	at org.jetbrains.org.objectweb.asm.ClassReader.readMethod(ClassReader.java:1017)
	at org.jetbrains.org.objectweb.asm.ClassReader.accept(ClassReader.java:693)
	at org.jetbrains.org.objectweb.asm.ClassReader.accept(ClassReader.java:506)
	at com.intellij.rt.coverage.instrumentation.Instrumentator.instrument(Instrumentator.java:193)
	at com.intellij.rt.coverage.instrumentation.Instrumentator.access$000(Instrumentator.java:41)
	at com.intellij.rt.coverage.instrumentation.Instrumentator$1.transform(Instrumentator.java:154)
	at sun.instrument.TransformerManager.transform(TransformerManager.java:188)
	at sun.instrument.InstrumentationImpl.transform(InstrumentationImpl.java:428)
	at com.sun.beans.util.Cache$Kind.<clinit>(Cache.java:411)
	at com.sun.beans.finder.MethodFinder.<clinit>(MethodFinder.java:49)
	at java.beans.Introspector.getPublicDeclaredMethods(Introspector.java:1344)
	at java.beans.Introspector.getTargetMethodInfo(Introspector.java:1197)
	at java.beans.Introspector.getBeanInfo(Introspector.java:426)
	at java.beans.Introspector.getBeanInfo(Introspector.java:173)
	at java.beans.Introspector.getBeanInfo(Introspector.java:260)
	at java.beans.Introspector.<init>(Introspector.java:407)
	at java.beans.Introspector.getBeanInfo(Introspector.java:173)
	at org.assertj.core.util.introspection.Introspection.getProperty(Introspection.java:51)
	at org.assertj.core.internal.PropertySupport.propertyValue(PropertySupport.java:153)
	at org.assertj.core.internal.PropertySupport.propertyValueOf(PropertySupport.java:188)
	at org.assertj.core.extractor.ByNameSingleExtractor.extract(ByNameSingleExtractor.java:28)
	at org.assertj.core.groups.FieldsOrPropertiesExtractor.extract(FieldsOrPropertiesExtractor.java:57)
	at org.assertj.core.api.AbstractIterableAssert.extracting(AbstractIterableAssert.java:521)
	at com.bigcustard.scene2dplus.image.ImageAreaModelTest.fromFolder(ImageAreaModelTest.java:132)
	at sun.reflect.NativeMethodAccessorImpl.invoke0(Native Method)
	at sun.reflect.NativeMethodAccessorImpl.invoke(NativeMethodAccessorImpl.java:62)
	at sun.reflect.DelegatingMethodAccessorImpl.invoke(DelegatingMethodAccessorImpl.java:43)
	at java.lang.reflect.Method.invoke(Method.java:497)
	at org.junit.runners.model.FrameworkMethod$1.runReflectiveCall(FrameworkMethod.java:50)
	at org.junit.internal.runners.model.ReflectiveCallable.run(ReflectiveCallable.java:12)
	at org.junit.runners.model.FrameworkMethod.invokeExplosively(FrameworkMethod.java:47)
	at org.junit.internal.runners.statements.InvokeMethod.evaluate(InvokeMethod.java:17)
	at org.junit.internal.runners.statements.RunBefores.evaluate(RunBefores.java:26)
	at org.junit.runners.ParentRunner.runLeaf(ParentRunner.java:325)
	at org.junit.runners.BlockJUnit4ClassRunner.runChild(BlockJUnit4ClassRunner.java:78)
	at org.junit.runners.BlockJUnit4ClassRunner.runChild(BlockJUnit4ClassRunner.java:57)
	at org.junit.runners.ParentRunner$3.run(ParentRunner.java:290)
	at org.junit.runners.ParentRunner$1.schedule(ParentRunner.java:71)
	at org.junit.runners.ParentRunner.runChildren(ParentRunner.java:288)
	at org.junit.runners.ParentRunner.access$000(ParentRunner.java:58)
	at org.junit.runners.ParentRunner$2.evaluate(ParentRunner.java:268)
	at org.junit.runners.ParentRunner.run(ParentRunner.java:363)
	at org.junit.runners.Suite.runChild(Suite.java:128)
	at org.junit.runners.Suite.runChild(Suite.java:27)
	at org.junit.runners.ParentRunner$3.run(ParentRunner.java:290)
	at org.junit.runners.ParentRunner$1.schedule(ParentRunner.java:71)
	at org.junit.runners.ParentRunner.runChildren(ParentRunner.java:288)
	at org.junit.runners.ParentRunner.access$000(ParentRunner.java:58)
	at org.junit.runners.ParentRunner$2.evaluate(ParentRunner.java:268)
	at org.junit.runners.ParentRunner.run(ParentRunner.java:363)
	at org.junit.runner.JUnitCore.run(JUnitCore.java:137)
	at com.intellij.junit4.JUnit4IdeaTestRunner.startRunnerWithArgs(JUnit4IdeaTestRunner.java:78)
	at com.intellij.rt.execution.junit.JUnitStarter.prepareStreamsAndStart(JUnitStarter.java:212)
	at com.intellij.rt.execution.junit.JUnitStarter.main(JUnitStarter.java:68)
	at sun.reflect.NativeMethodAccessorImpl.invoke0(Native Method)
	at sun.reflect.NativeMethodAccessorImpl.invoke(NativeMethodAccessorImpl.java:62)
	at sun.reflect.DelegatingMethodAccessorImpl.invoke(DelegatingMethodAccessorImpl.java:43)
	at java.lang.reflect.Method.invoke(Method.java:497)
	at com.intellij.rt.execution.application.AppMain.main(AppMain.java:140)
[2015.04.02 23:52:04] (Coverage): Error during class instrumentation: com.sun.beans.util.Cache$Kind$3
java.lang.NullPointerException
	at com.intellij.rt.coverage.instrumentation.Instrumentator$MyClassWriter.typeInfo(Instrumentator.java:370)
	at com.intellij.rt.coverage.instrumentation.Instrumentator$MyClassWriter.getCommonSuperClass(Instrumentator.java:295)
	at org.jetbrains.org.objectweb.asm.ClassWriter.getMergedType(ClassWriter.java:1654)
	at org.jetbrains.org.objectweb.asm.Frame.merge(Frame.java:1426)
	at org.jetbrains.org.objectweb.asm.Frame.merge(Frame.java:1374)
	at org.jetbrains.org.objectweb.asm.MethodWriter.visitMaxs(MethodWriter.java:1475)
	at org.jetbrains.org.objectweb.asm.MethodVisitor.visitMaxs(MethodVisitor.java:866)
	at com.intellij.rt.coverage.instrumentation.SamplingInstrumenter$1.visitMaxs(SamplingInstrumenter.java:99)
	at org.jetbrains.org.objectweb.asm.ClassReader.readCode(ClassReader.java:1554)
	at org.jetbrains.org.objectweb.asm.ClassReader.readMethod(ClassReader.java:1017)
	at org.jetbrains.org.objectweb.asm.ClassReader.accept(ClassReader.java:693)
	at org.jetbrains.org.objectweb.asm.ClassReader.accept(ClassReader.java:506)
	at com.intellij.rt.coverage.instrumentation.Instrumentator.instrument(Instrumentator.java:193)
	at com.intellij.rt.coverage.instrumentation.Instrumentator.access$000(Instrumentator.java:41)
	at com.intellij.rt.coverage.instrumentation.Instrumentator$1.transform(Instrumentator.java:154)
	at sun.instrument.TransformerManager.transform(TransformerManager.java:188)
	at sun.instrument.InstrumentationImpl.transform(InstrumentationImpl.java:428)
	at com.sun.beans.util.Cache$Kind.<clinit>(Cache.java:418)
	at com.sun.beans.finder.MethodFinder.<clinit>(MethodFinder.java:49)
	at java.beans.Introspector.getPublicDeclaredMethods(Introspector.java:1344)
	at java.beans.Introspector.getTargetMethodInfo(Introspector.java:1197)
	at java.beans.Introspector.getBeanInfo(Introspector.java:426)
	at java.beans.Introspector.getBeanInfo(Introspector.java:173)
	at java.beans.Introspector.getBeanInfo(Introspector.java:260)
	at java.beans.Introspector.<init>(Introspector.java:407)
	at java.beans.Introspector.getBeanInfo(Introspector.java:173)
	at org.assertj.core.util.introspection.Introspection.getProperty(Introspection.java:51)
	at org.assertj.core.internal.PropertySupport.propertyValue(PropertySupport.java:153)
	at org.assertj.core.internal.PropertySupport.propertyValueOf(PropertySupport.java:188)
	at org.assertj.core.extractor.ByNameSingleExtractor.extract(ByNameSingleExtractor.java:28)
	at org.assertj.core.groups.FieldsOrPropertiesExtractor.extract(FieldsOrPropertiesExtractor.java:57)
	at org.assertj.core.api.AbstractIterableAssert.extracting(AbstractIterableAssert.java:521)
	at com.bigcustard.scene2dplus.image.ImageAreaModelTest.fromFolder(ImageAreaModelTest.java:132)
	at sun.reflect.NativeMethodAccessorImpl.invoke0(Native Method)
	at sun.reflect.NativeMethodAccessorImpl.invoke(NativeMethodAccessorImpl.java:62)
	at sun.reflect.DelegatingMethodAccessorImpl.invoke(DelegatingMethodAccessorImpl.java:43)
	at java.lang.reflect.Method.invoke(Method.java:497)
	at org.junit.runners.model.FrameworkMethod$1.runReflectiveCall(FrameworkMethod.java:50)
	at org.junit.internal.runners.model.ReflectiveCallable.run(ReflectiveCallable.java:12)
	at org.junit.runners.model.FrameworkMethod.invokeExplosively(FrameworkMethod.java:47)
	at org.junit.internal.runners.statements.InvokeMethod.evaluate(InvokeMethod.java:17)
	at org.junit.internal.runners.statements.RunBefores.evaluate(RunBefores.java:26)
	at org.junit.runners.ParentRunner.runLeaf(ParentRunner.java:325)
	at org.junit.runners.BlockJUnit4ClassRunner.runChild(BlockJUnit4ClassRunner.java:78)
	at org.junit.runners.BlockJUnit4ClassRunner.runChild(BlockJUnit4ClassRunner.java:57)
	at org.junit.runners.ParentRunner$3.run(ParentRunner.java:290)
	at org.junit.runners.ParentRunner$1.schedule(ParentRunner.java:71)
	at org.junit.runners.ParentRunner.runChildren(ParentRunner.java:288)
	at org.junit.runners.ParentRunner.access$000(ParentRunner.java:58)
	at org.junit.runners.ParentRunner$2.evaluate(ParentRunner.java:268)
	at org.junit.runners.ParentRunner.run(ParentRunner.java:363)
	at org.junit.runners.Suite.runChild(Suite.java:128)
	at org.junit.runners.Suite.runChild(Suite.java:27)
	at org.junit.runners.ParentRunner$3.run(ParentRunner.java:290)
	at org.junit.runners.ParentRunner$1.schedule(ParentRunner.java:71)
	at org.junit.runners.ParentRunner.runChildren(ParentRunner.java:288)
	at org.junit.runners.ParentRunner.access$000(ParentRunner.java:58)
	at org.junit.runners.ParentRunner$2.evaluate(ParentRunner.java:268)
	at org.junit.runners.ParentRunner.run(ParentRunner.java:363)
	at org.junit.runner.JUnitCore.run(JUnitCore.java:137)
	at com.intellij.junit4.JUnit4IdeaTestRunner.startRunnerWithArgs(JUnit4IdeaTestRunner.java:78)
	at com.intellij.rt.execution.junit.JUnitStarter.prepareStreamsAndStart(JUnitStarter.java:212)
	at com.intellij.rt.execution.junit.JUnitStarter.main(JUnitStarter.java:68)
	at sun.reflect.NativeMethodAccessorImpl.invoke0(Native Method)
	at sun.reflect.NativeMethodAccessorImpl.invoke(NativeMethodAccessorImpl.java:62)
	at sun.reflect.DelegatingMethodAccessorImpl.invoke(DelegatingMethodAccessorImpl.java:43)
	at java.lang.reflect.Method.invoke(Method.java:497)
	at com.intellij.rt.execution.application.AppMain.main(AppMain.java:140)
[2015.04.02 23:52:04] (Coverage): Error during class instrumentation: com.sun.beans.TypeResolver
java.lang.NullPointerException
	at com.intellij.rt.coverage.instrumentation.Instrumentator$MyClassWriter.typeInfo(Instrumentator.java:370)
	at com.intellij.rt.coverage.instrumentation.Instrumentator$MyClassWriter.getCommonSuperClass(Instrumentator.java:295)
	at org.jetbrains.org.objectweb.asm.ClassWriter.getMergedType(ClassWriter.java:1654)
	at org.jetbrains.org.objectweb.asm.Frame.merge(Frame.java:1426)
	at org.jetbrains.org.objectweb.asm.Frame.merge(Frame.java:1325)
	at org.jetbrains.org.objectweb.asm.MethodWriter.visitMaxs(MethodWriter.java:1475)
	at org.jetbrains.org.objectweb.asm.MethodVisitor.visitMaxs(MethodVisitor.java:866)
	at com.intellij.rt.coverage.instrumentation.SamplingInstrumenter$1.visitMaxs(SamplingInstrumenter.java:99)
	at org.jetbrains.org.objectweb.asm.ClassReader.readCode(ClassReader.java:1554)
	at org.jetbrains.org.objectweb.asm.ClassReader.readMethod(ClassReader.java:1017)
	at org.jetbrains.org.objectweb.asm.ClassReader.accept(ClassReader.java:693)
	at org.jetbrains.org.objectweb.asm.ClassReader.accept(ClassReader.java:506)
	at com.intellij.rt.coverage.instrumentation.Instrumentator.instrument(Instrumentator.java:193)
	at com.intellij.rt.coverage.instrumentation.Instrumentator.access$000(Instrumentator.java:41)
	at com.intellij.rt.coverage.instrumentation.Instrumentator$1.transform(Instrumentator.java:154)
	at sun.instrument.TransformerManager.transform(TransformerManager.java:188)
	at sun.instrument.InstrumentationImpl.transform(InstrumentationImpl.java:428)
	at java.beans.FeatureDescriptor.getParameterTypes(FeatureDescriptor.java:387)
	at java.beans.MethodDescriptor.setMethod(MethodDescriptor.java:116)
	at java.beans.MethodDescriptor.<init>(MethodDescriptor.java:72)
	at java.beans.MethodDescriptor.<init>(MethodDescriptor.java:56)
	at java.beans.Introspector.getTargetMethodInfo(Introspector.java:1205)
	at java.beans.Introspector.getBeanInfo(Introspector.java:426)
	at java.beans.Introspector.getBeanInfo(Introspector.java:173)
	at java.beans.Introspector.getBeanInfo(Introspector.java:260)
	at java.beans.Introspector.<init>(Introspector.java:407)
	at java.beans.Introspector.getBeanInfo(Introspector.java:173)
	at org.assertj.core.util.introspection.Introspection.getProperty(Introspection.java:51)
	at org.assertj.core.internal.PropertySupport.propertyValue(PropertySupport.java:153)
	at org.assertj.core.internal.PropertySupport.propertyValueOf(PropertySupport.java:188)
	at org.assertj.core.extractor.ByNameSingleExtractor.extract(ByNameSingleExtractor.java:28)
	at org.assertj.core.groups.FieldsOrPropertiesExtractor.extract(FieldsOrPropertiesExtractor.java:57)
	at org.assertj.core.api.AbstractIterableAssert.extracting(AbstractIterableAssert.java:521)
	at com.bigcustard.scene2dplus.image.ImageAreaModelTest.fromFolder(ImageAreaModelTest.java:132)
	at sun.reflect.NativeMethodAccessorImpl.invoke0(Native Method)
	at sun.reflect.NativeMethodAccessorImpl.invoke(NativeMethodAccessorImpl.java:62)
	at sun.reflect.DelegatingMethodAccessorImpl.invoke(DelegatingMethodAccessorImpl.java:43)
	at java.lang.reflect.Method.invoke(Method.java:497)
	at org.junit.runners.model.FrameworkMethod$1.runReflectiveCall(FrameworkMethod.java:50)
	at org.junit.internal.runners.model.ReflectiveCallable.run(ReflectiveCallable.java:12)
	at org.junit.runners.model.FrameworkMethod.invokeExplosively(FrameworkMethod.java:47)
	at org.junit.internal.runners.statements.InvokeMethod.evaluate(InvokeMethod.java:17)
	at org.junit.internal.runners.statements.RunBefores.evaluate(RunBefores.java:26)
	at org.junit.runners.ParentRunner.runLeaf(ParentRunner.java:325)
	at org.junit.runners.BlockJUnit4ClassRunner.runChild(BlockJUnit4ClassRunner.java:78)
	at org.junit.runners.BlockJUnit4ClassRunner.runChild(BlockJUnit4ClassRunner.java:57)
	at org.junit.runners.ParentRunner$3.run(ParentRunner.java:290)
	at org.junit.runners.ParentRunner$1.schedule(ParentRunner.java:71)
	at org.junit.runners.ParentRunner.runChildren(ParentRunner.java:288)
	at org.junit.runners.ParentRunner.access$000(ParentRunner.java:58)
	at org.junit.runners.ParentRunner$2.evaluate(ParentRunner.java:268)
	at org.junit.runners.ParentRunner.run(ParentRunner.java:363)
	at org.junit.runners.Suite.runChild(Suite.java:128)
	at org.junit.runners.Suite.runChild(Suite.java:27)
	at org.junit.runners.ParentRunner$3.run(ParentRunner.java:290)
	at org.junit.runners.ParentRunner$1.schedule(ParentRunner.java:71)
	at org.junit.runners.ParentRunner.runChildren(ParentRunner.java:288)
	at org.junit.runners.ParentRunner.access$000(ParentRunner.java:58)
	at org.junit.runners.ParentRunner$2.evaluate(ParentRunner.java:268)
	at org.junit.runners.ParentRunner.run(ParentRunner.java:363)
	at org.junit.runner.JUnitCore.run(JUnitCore.java:137)
	at com.intellij.junit4.JUnit4IdeaTestRunner.startRunnerWithArgs(JUnit4IdeaTestRunner.java:78)
	at com.intellij.rt.execution.junit.JUnitStarter.prepareStreamsAndStart(JUnitStarter.java:212)
	at com.intellij.rt.execution.junit.JUnitStarter.main(JUnitStarter.java:68)
	at sun.reflect.NativeMethodAccessorImpl.invoke0(Native Method)
	at sun.reflect.NativeMethodAccessorImpl.invoke(NativeMethodAccessorImpl.java:62)
	at sun.reflect.DelegatingMethodAccessorImpl.invoke(DelegatingMethodAccessorImpl.java:43)
	at java.lang.reflect.Method.invoke(Method.java:497)
	at com.intellij.rt.execution.application.AppMain.main(AppMain.java:140)
